This is pdfTeX, Version 3.141592653-2.6-1.40.25 (TeX Live 2023/Debian) (preloaded format=latex 2026.1.28)  28 JAN 2026 13:36
entering extended mode
 restricted \write18 enabled.
 %&-line parsing enabled.
**_formulas_dark
(./_formulas_dark.tex
LaTeX2e <2023-11-01> patch level 1
L3 programming layer <2024-01-22>
(/usr/share/texlive/texmf-dist/tex/latex/base/article.cls
Document Class: article 2023/05/17 v1.4n Standard LaTeX document class
(/usr/share/texlive/texmf-dist/tex/latex/base/size10.clo
File: size10.clo 2023/05/17 v1.4n Standard LaTeX file (size option)
)
\c@part=\count187
\c@section=\count188
\c@subsection=\count189
\c@subsubsection=\count190
\c@paragraph=\count191
\c@subparagraph=\count192
\c@figure=\count193
\c@table=\count194
\abovecaptionskip=\skip48
\belowcaptionskip=\skip49
\bibindent=\dimen140
) (/usr/share/texlive/texmf-dist/tex/latex/base/ifthen.sty
Package: ifthen 2022/04/13 v1.1d Standard LaTeX ifthen package (DPC)
) (/usr/share/texlive/texmf-dist/tex/latex/graphics/epsfig.sty
Package: epsfig 2017/06/25 v1.7b (e)psfig emulation (SPQR)
(/usr/share/texlive/texmf-dist/tex/latex/graphics/graphicx.sty
Package: graphicx 2021/09/16 v1.2d Enhanced LaTeX Graphics (DPC,SPQR)
(/usr/share/texlive/texmf-dist/tex/latex/graphics/keyval.sty
Package: keyval 2022/05/29 v1.15 key=value parser (DPC)
\KV@toks@=\toks17
) (/usr/share/texlive/texmf-dist/tex/latex/graphics/graphics.sty
Package: graphics 2022/03/10 v1.4e Standard LaTeX Graphics (DPC,SPQR)
(/usr/share/texlive/texmf-dist/tex/latex/graphics/trig.sty
Package: trig 2021/08/11 v1.11 sin cos tan (DPC)
) (/usr/share/texlive/texmf-dist/tex/latex/graphics-cfg/graphics.cfg
File: graphics.cfg 2016/06/04 v1.11 sample graphics configuration
)
Package graphics Info: Driver file: dvips.def on input line 107.
(/usr/share/texlive/texmf-dist/tex/latex/graphics-def/dvips.def
File: dvips.def 2022/09/22 v3.1e Graphics/color driver for dvips
))
\Gin@req@height=\dimen141
\Gin@req@width=\dimen142
)
\epsfxsize=\dimen143
\epsfysize=\dimen144
) (/usr/share/texlive/texmf-dist/tex/latex/base/inputenc.sty
Package: inputenc 2021/02/14 v1.3d Input encoding file
\inpenc@prehook=\toks18
\inpenc@posthook=\toks19
) (/usr/share/texlive/texmf-dist/tex/latex/xcolor/xcolor.sty
Package: xcolor 2023/11/15 v3.01 LaTeX color extensions (UK)
(/usr/share/texlive/texmf-dist/tex/latex/graphics-cfg/color.cfg
File: color.cfg 2016/01/02 v1.6 sample color configuration
)
Package xcolor Info: Driver file: dvips.def on input line 274.
(/usr/share/texlive/texmf-dist/tex/latex/graphics/mathcolor.ltx)
Package xcolor Info: Model `cmy' substituted by `cmy0' on input line 1350.
Package xcolor Info: Model `RGB' extended on input line 1366.
Package xcolor Info: Model `HTML' substituted by `rgb' on input line 1368.
Package xcolor Info: Model `Hsb' substituted by `hsb' on input line 1369.
Package xcolor Info: Model `tHsb' substituted by `hsb' on input line 1370.
Package xcolor Info: Model `HSB' substituted by `hsb' on input line 1371.
Package xcolor Info: Model `Gray' substituted by `gray' on input line 1372.
Package xcolor Info: Model `wave' substituted by `hsb' on input line 1373.
) (/usr/share/texlive/texmf-dist/tex/latex/newunicodechar/newunicodechar.sty
Package: newunicodechar 2018/04/08 v1.2 Defining Unicode characters
) (/usr/share/texlive/texmf-dist/tex/latex/l3backend/l3backend-dvips.def
File: l3backend-dvips.def 2024-01-04 L3 backend support: dvips
\l__pdf_internal_box=\box51
\g__pdf_backend_object_int=\count195
\l__pdf_backend_content_box=\box52
\l__pdf_backend_model_box=\box53
\g__pdf_backend_annotation_int=\count196
\g__pdf_backend_link_int=\count197
\g__pdf_backend_link_sf_int=\count198
)
No file _formulas_dark.aux.
\openout1 = `_formulas_dark.aux'.

LaTeX Font Info:    Checking defaults for OML/cmm/m/it on input line 29.
LaTeX Font Info:    ... okay on input line 29.
LaTeX Font Info:    Checking defaults for OMS/cmsy/m/n on input line 29.
LaTeX Font Info:    ... okay on input line 29.
LaTeX Font Info:    Checking defaults for OT1/cmr/m/n on input line 29.
LaTeX Font Info:    ... okay on input line 29.
LaTeX Font Info:    Checking defaults for T1/cmr/m/n on input line 29.
LaTeX Font Info:    ... okay on input line 29.
LaTeX Font Info:    Checking defaults for TS1/cmr/m/n on input line 29.
LaTeX Font Info:    ... okay on input line 29.
LaTeX Font Info:    Checking defaults for OMX/cmex/m/n on input line 29.
LaTeX Font Info:    ... okay on input line 29.
LaTeX Font Info:    Checking defaults for U/cmr/m/n on input line 29.
LaTeX Font Info:    ... okay on input line 29.
LaTeX Font Info:    External font `cmex10' loaded for size
(Font)              <7> on input line 30.
LaTeX Font Info:    External font `cmex10' loaded for size
(Font)              <5> on input line 30.
[1

] [2] [3] [4] [5] [6] [7] [8] [9] [10] [11] [12] [13] [14] [15] [16] [17] [18] 
[19] [20] [21] [22] [23] [24] [25] [26] [27] [28] [29] [30] [31] [32] [33] [34]
[35] [36] [37] [38] [39] [40] [41] [42] [43] [44] [45] [46] [47] [48] [49] [50]
[51] [52] [53] [54] [55] [56] [57] [58] [59] [60] [61] [62] [63] [64] [65] [66]
[67] [68] [69] [70] [71] [72] [73] [74] [75] [76] [77] [78] [79] [80] [81] [82]
[83] [84] [85] [86] [87] [88] [89] [90] [91] [92] [93] [94] [95] [96] [97] [98]
[99] [100] [101] [102] [103] [104] [105] [106] [107] [108] [109] [110] [111] [1
12] [113] [114] [115] [116] [117] [118] [119] [120] [121] [122] [123] [124] [12
5] [126] [127] [128] [129] [130] [131] [132] [133] [134] [135] [136] [137] [138
] [139] [140] [141] [142] [143] [144] [145] [146] [147] [148] [149] [150] [151]
[152] [153] [154] [155] [156] [157] [158] [159] [160] [161] [162] [163] [164] [
165] [166] [167] [168] [169] [170] [171] [172] [173] [174] [175] [176] [177] [1
78] [179] [180] [181] [182] [183] [184] [185] [186] [187] [188] [189] [190] [19
1] [192] [193] [194] [195] [196] [197] [198] [199] [200] [201]
Overfull \hbox (137.50473pt too wide) detected at line 793
\OML/cmm/m/it/10 V[]r; ^^[\OT1/cmr/m/n/10 ) = [] [] = \OML/cmm/m/it/10 V[] [] [
] \OT1/cmr/m/n/10 = \OML/cmm/m/it/10 V[] [] []
 []

[202] [203] [204] [205] [206] [207] [208] [209] [210] [211] [212] [213] [214] [
215] [216] [217] [218] [219] [220] [221] [222] [223] [224] [225] [226] [227] [2
28] [229] [230] [231] [232] [233] [234] [235] [236] [237] [238] [239] [240] [24
1] [242] [243] [244] [245] [246] [247] [248] [249] [250] [251] [252] [253] [254
] [255] [256] [257] [258] [259] [260] [261] [262] [263] [264] [265] [266] [267]
[268] [269] [270] [271] [272] [273] [274] [275] [276] [277] [278] [279] [280]
Overfull \hbox (45.86757pt too wide) detected at line 1091
[] \OT1/cmr/m/n/10 = []
 []

[281] [282] [283] [284] [285] [286] [287] [288] [289] [290] [291] [292] [293] [
294] [295] [296] [297] [298] [299] [300]
Overfull \hbox (31.82306pt too wide) detected at line 1186
\OT1/cmr/m/n/10 ^^A\OML/cmm/m/it/10 ^^Z \OT1/cmr/m/n/10 = ^^A(\OML/cmm/m/it/10 
R[]^^Z[]\OT1/cmr/m/n/10 ) = ^^A(\OML/cmm/m/it/10 R[]\OT1/cmr/m/n/10 )\OML/cmm/m
/it/10 ^^Z[] \OT1/cmr/m/n/10 + 2\OMS/cmsy/m/n/10 r\OML/cmm/m/it/10 R\OMS/cmsy/m
/n/10 r\OML/cmm/m/it/10 ^^Z[] \OT1/cmr/m/n/10 + \OML/cmm/m/it/10 R[]\OT1/cmr/m/
n/10 ^^A\OML/cmm/m/it/10 ^^Z[] \OT1/cmr/m/n/10 = 2\OML/cmm/m/it/10 R[]U\OT1/cmr
/m/n/10 1[]\OML/cmm/m/it/10 ^^Z[] \OMS/cmsy/m/n/10 ^^@ \OT1/cmr/m/n/10 4\OML/cm
m/m/it/10 R[]\OT1/cmr/m/n/10 (\OML/cmm/m/it/10 U \OMS/cmsy/m/n/10 ^^@ \OML/cmm/
m/it/10 V\OT1/cmr/m/n/10 )\OML/cmm/m/it/10 ^^Z[] \OT1/cmr/m/n/10 + \OML/cmm/m/i
t/10 R[]\OT1/cmr/m/n/10 ^^A\OML/cmm/m/it/10 ^^Z[]
 []

[301] [302] [303] [304]
Overfull \hbox (18.59372pt too wide) in paragraph at lines 1201--1203
[]$\OML/cmm/m/it/10 < bra\OMS/cmsy/m/n/10 j\OT1/cmr/m/n/10 [\OML/cmm/m/it/10 f;
 K\OT1/cmr/m/n/10 ]\OMS/cmsy/m/n/10 j\OML/cmm/m/it/10 ket\OT1/cmr/m/n/10 1\OML/
cmm/m/it/10 ; ket\OT1/cmr/m/n/10 2 \OML/cmm/m/it/10 >\OT1/cmr/m/n/10 =\OML/cmm/
m/it/10 < bra\OT1/cmr/m/n/10 [\OML/cmm/m/it/10 f; K\OT1/cmr/m/n/10 1]\OMS/cmsy/
m/n/10 j\OML/cmm/m/it/10 ket\OT1/cmr/m/n/10 1\OML/cmm/m/it/10 ; ket\OT1/cmr/m/n
/10 2 \OML/cmm/m/it/10 > \OT1/cmr/m/n/10 + \OML/cmm/m/it/10 < bra\OT1/cmr/m/n/1
0 [\OML/cmm/m/it/10 f; K\OT1/cmr/m/n/10 2]\OMS/cmsy/m/n/10 j\OML/cmm/m/it/10 ke
t\OT1/cmr/m/n/10 1\OML/cmm/m/it/10 ; ket\OT1/cmr/m/n/10 2 \OML/cmm/m/it/10 >$
 []

[305]
Overfull \hbox (9.24998pt too wide) in paragraph at lines 1204--1207
[]$\OML/cmm/m/it/10 < bra\OMS/cmsy/m/n/10 j\OT1/cmr/m/n/10 [\OML/cmm/m/it/10 f;
 K\OT1/cmr/m/n/10 1]\OMS/cmsy/m/n/10 j\OML/cmm/m/it/10 ket\OT1/cmr/m/n/10 1\OML
/cmm/m/it/10 ; ket\OT1/cmr/m/n/10 2 \OML/cmm/m/it/10 >\OT1/cmr/m/n/10 =\OML/cmm
/m/it/10 < bra\OMS/cmsy/m/n/10 j\OML/cmm/m/it/10 f\OMS/cmsy/m/n/10 j\OML/cmm/m/
it/10 K\OT1/cmr/m/n/10 (\OML/cmm/m/it/10 ket\OT1/cmr/m/n/10 1) \OML/cmm/m/it/10
 > \OMS/cmsy/m/n/10 ^^Cj\OML/cmm/m/it/10 ket\OT1/cmr/m/n/10 2 \OML/cmm/m/it/10 
> \OMS/cmsy/m/n/10 ^^@ \OML/cmm/m/it/10 < K\OT1/cmr/m/n/10 (\OML/cmm/m/it/10 br
a\OT1/cmr/m/n/10 )\OMS/cmsy/m/n/10 j\OML/cmm/m/it/10 f\OMS/cmsy/m/n/10 j\OML/cm
m/m/it/10 ket\OT1/cmr/m/n/10 1 \OML/cmm/m/it/10 >
 []

[306]
Overfull \hbox (20.8167pt too wide) in paragraph at lines 1208--1210
[]$\OML/cmm/m/it/10 < bra\OMS/cmsy/m/n/10 j\OML/cmm/m/it/10 Ue\OMS/cmsy/m/n/10 
j\OML/cmm/m/it/10 ket\OT1/cmr/m/n/10 1\OML/cmm/m/it/10 ; ket\OT1/cmr/m/n/10 2 \
OML/cmm/m/it/10 >[]\OT1/cmr/m/n/10 =\OML/cmm/m/it/10 < bra\OMS/cmsy/m/n/10 j\OM
L/cmm/m/it/10 Ulocal\OMS/cmsy/m/n/10 j\OML/cmm/m/it/10 ket\OT1/cmr/m/n/10 1\OML
/cmm/m/it/10 ; ket\OT1/cmr/m/n/10 2 \OML/cmm/m/it/10 > \OT1/cmr/m/n/10 + \OML/c
mm/m/it/10 < bra\OMS/cmsy/m/n/10 j\OML/cmm/m/it/10 Unlocal\OMS/cmsy/m/n/10 j\OM
L/cmm/m/it/10 ket\OT1/cmr/m/n/10 1\OML/cmm/m/it/10 ; ket\OT1/cmr/m/n/10 2 \OML/
cmm/m/it/10 >$
 []

[307] [308] [309] [310] [311] [312] [313] [314] [315]
Overfull \hbox (213.51616pt too wide) detected at line 1249
\OML/cmm/m/it/10 ^^[ \OT1/cmr/m/n/10 = \OMS/cmsy/m/n/10 r\OML/cmm/m/it/10 ^^Z[]
\OMS/cmsy/m/n/10 r\OML/cmm/m/it/10 ^^Z[] \OT1/cmr/m/n/10 = (\OMS/cmsy/m/n/10 r\
OML/cmm/m/it/10 R[]^^Z[] \OT1/cmr/m/n/10 + \OML/cmm/m/it/10 R[]\OMS/cmsy/m/n/10
 r\OML/cmm/m/it/10 ^^Z[]\OT1/cmr/m/n/10 ) \OMS/cmsy/m/n/10 ^^A \OT1/cmr/m/n/10 
(\OMS/cmsy/m/n/10 r\OML/cmm/m/it/10 R[]^^Z[] \OT1/cmr/m/n/10 + \OML/cmm/m/it/10
 R[]\OMS/cmsy/m/n/10 r\OML/cmm/m/it/10 ^^Z[]\OT1/cmr/m/n/10 ) = 4\OML/cmm/m/it/
10 R[]U[]^^Z[]^^Z[] \OT1/cmr/m/n/10 + 2\OML/cmm/m/it/10 R[][] [] \OT1/cmr/m/n/1
0 + \OML/cmm/m/it/10 R[]\OMS/cmsy/m/n/10 r\OML/cmm/m/it/10 ^^Z[] \OMS/cmsy/m/n/
10 ^^A r\OML/cmm/m/it/10 ^^Z[]
 []

[316] [317] [318] [319] [320] [321] [322] [323] [324] [325] [326] [327] [328] [
329] [330] [331] [332] [333] [334] [335] [336] [337] [338] [339] [340] [341] [3
42] [343] [344] [345] [346] [347] [348] [349] [350] [351] [352] [353] [354] [35
5] [356] [357] [358] [359] [360] [361] [362] [363] [364] [365] [366] [367] [368
] [369] [370] [371] [372] [373] [374] [375] [376] [377] [378] [379] [380] [381]
[382] [383] [384] [385] [386] [387] [388] [389] [390] [391] [392] [393] [394]
! Undefined control sequence.
l.1559 ...\equiv \theta_\sigma(x) \equiv (1 + \erf
                                                  (x/\sigma))/2 $
The control sequence at the end of the top line
of your error message was never \def'ed. If you have
misspelled it (e.g., `\hobx'), type `I' and the correct
spelling (e.g., `I\hbox'). Otherwise just continue,
and I'll forget about whatever was undefined.

[395] [396] [397] [398] [399] [400] [401] [402] [403] [404] [405] [406] [407] [
408] [409] [410] [411] [412] [413] [414] [415] [416] [417] [418] [419] [420] [4
21] [422] [423] [424] [425] [426] [427] [428] [429] [430] [431] [432] [433] [43
4] [435] [436] [437] [438] [439] [440] [441] (./_formulas_dark.aux)
 ***********
LaTeX2e <2023-11-01> patch level 1
L3 programming layer <2024-01-22>
 ***********
 ) 
Here is how much of TeX's memory you used:
 1512 strings out of 476183
 24833 string characters out of 5795621
 1926972 words of memory out of 5000000
 23550 multiletter control sequences out of 15000+600000
 560040 words of font info for 42 fonts, out of 8000000 for 9000
 14 hyphenation exceptions out of 8191
 72i,12n,79p,229b,135s stack positions out of 10000i,1000n,20000p,200000b,200000s

Output written on _formulas_dark.dvi (441 pages, 108644 bytes).
