Runtime initialized with 7 threads in the pool and affinity -1 -1 -1
Cubic point group

 The point group is D2h

Solving with thresh 1.000000e-04     k 6    conv 1.000000e-04 




 MADNESS Hartree-Fock and Density Functional Theory Program
 ----------------------------------------------------------



 geometry
   eprec 1.0e-04
   units atomic
   Ar            0.00000000           0.00000000           0.00000000
 end


             restart  false
 number of processes  1
   no. of io servers  1
     simulation cube  -5.000000e+01 5.000000e+01
        total charge  0.000000e+00
            smearing  0.000000e+00
 number of electrons  9 9
  number of orbitals  9 9
     spin restricted  true
       xc functional  lda
         xc libraray  libxc
 initial guess basis  6-31g
 max krylov subspace  8
    compute protocol  [1.000000e-04, 1.000000e-06]
  energy convergence  1.000000e-05
 density convergence  1.000000e-04
    maximum rotation  2.500000e-01
 Convergence criteria are density delta & BSH residual.
        plot density  false
        plot coulomb  false
        plot orbital  0 -1
        plot npoints  101
        plot  volume  default
  localized orbitals  boys

Solving with thresh 1.000000e-04     k 6    conv 1.000000e-04 

timer:     Project vnuclear     0.41s     0.41s
timer:     project ao basis     0.43s     0.43s
timer:        guess density     1.03s     1.03s
guess dens trace 1.800002e+01
timer:   guess Coulomb potn     0.84s     0.84s
initial eigenvalues
[*] -1.1377e+02 -1.0786e+01 -8.4381e+00 -8.4381e+00 -8.4381e+00 -8.7545e-01 -3.7387e-01 -3.7387e-01 -3.7387e-01  3.8810e-01  4.7895e-01  4.7895e-01  4.7895e-01



WSTHORNTON: initial eigenvectors
[ 0,*]  9.9602e-01 -2.9043e-01  2.0251e-09 -1.0274e-09 -1.2599e-07 -9.1974e-02  2.4012e-12 -1.3002e-11  4.1180e-09 -8.8071e-02 -2.5123e-13  2.3751e-12  1.7969e-08
[ 1,*]  1.4240e-02  1.0259e+00 -7.0228e-09  3.5629e-09  4.3690e-07  4.0206e-01  1.0383e-11 -5.6216e-11  1.7805e-08  1.4494e-01  5.7053e-13 -5.4012e-12 -4.0860e-08
[ 2,*] -1.7002e-09  2.5601e-07 -3.2423e-01  7.3099e-01 -5.8243e-01 -5.0602e-08 -2.0971e-01 -1.3601e-01  1.7629e-01 -2.1693e-08 -2.1902e-01 -1.2685e-01 -1.7895e-01
[ 3,*] -1.7002e-09  2.5601e-07  8.1295e-01 -8.3628e-02 -5.5751e-01 -5.0602e-08  2.2232e-01 -1.1453e-01  1.7610e-01 -2.1693e-08  2.1935e-01 -1.2629e-01 -1.7894e-01
[ 4,*] -1.7002e-09  2.5601e-07 -4.6118e-01 -6.6133e-01 -5.7328e-01 -5.0602e-08 -1.2300e-02  2.4887e-01  1.7739e-01 -2.1693e-08 -3.2217e-04  2.5307e-01 -1.7900e-01
[ 5,*] -4.9170e-03  4.6326e-02 -1.1811e-09  5.9922e-10  7.3479e-08 -7.6549e-01  6.0972e-11 -3.3013e-10  1.0456e-07 -1.6659e+00 -4.9352e-12  4.6663e-11  3.5301e-07
[ 6,*]  7.7589e-10 -5.4912e-09 -1.0700e-02  2.4123e-02 -1.9220e-02  9.6708e-08  5.1820e-01  3.3610e-01 -4.3561e-01  6.7764e-08  8.1126e-01  4.6986e-01  6.6284e-01
[ 7,*]  7.7589e-10 -5.4912e-09  2.6827e-02 -2.7597e-03 -1.8398e-02  9.6708e-08 -5.4936e-01  2.8301e-01 -4.3516e-01  6.7764e-08 -8.1248e-01  4.6778e-01  6.6281e-01
[ 8,*]  7.7589e-10 -5.4912e-09 -1.5219e-02 -2.1824e-02 -1.8918e-02  9.6708e-08  3.0393e-02 -6.1497e-01 -4.3833e-01  6.7764e-08  1.1934e-03 -9.3738e-01  6.6301e-01
[ 9,*]  2.4296e-03 -1.6692e-02  4.6800e-10 -2.3743e-10 -2.9116e-08 -3.3834e-01 -1.4762e-10  7.9927e-10 -2.5315e-07  1.7484e+00  4.1506e-12 -3.9200e-11 -2.9657e-07
[10,*] -3.5892e-10  2.4437e-09  2.9310e-03 -6.6081e-03  5.2652e-03 -1.8097e-08  2.6372e-01  1.7104e-01 -2.2168e-01 -1.5701e-07 -8.7568e-01 -5.0717e-01 -7.1547e-01
[11,*] -3.5892e-10  2.4437e-09 -7.3491e-03  7.5600e-04  5.0399e-03 -1.8097e-08 -2.7957e-01  1.4403e-01 -2.2145e-01 -1.5701e-07  8.7700e-01 -5.0492e-01 -7.1545e-01
[12,*] -3.5892e-10  2.4437e-09  4.1691e-03  5.9784e-03  5.1825e-03 -1.8097e-08  1.5467e-02 -3.1296e-01 -2.2307e-01 -1.5701e-07 -1.2881e-03  1.0118e+00 -7.1566e-01

alpha set 0 0-0
alpha set 1 1-1
alpha set 2 2-4
alpha set 3 5-8
timer:     project ao basis     0.41s     0.41s

Iteration 0 at time 4.4s

timer:        Boys localize     0.33s     0.33s
timer:       Make densities     0.04s     0.04s
timer:       Load balancing     0.00s     0.00s
timer:              Coulomb     0.31s     0.31s
timer:        DFT potential     0.04s     0.04s
timer:                V*psi     0.17s     0.17s
timer:        Truncate Vpsi     0.15s     0.15s
timer:            PE matrix     0.02s     0.02s
timer:            KE matrix     0.35s     0.35s

              kinetic     526.30528777
   nuclear attraction   -1254.48890097
              coulomb     231.58214535
 exchange-correlation     -29.28013026
    nuclear-repulsion       0.00000000
                total    -525.88159810

entering apply
timer:            Apply BSH     2.20s     2.20s
timer:     Truncate new psi     0.16s     0.16s
residuals [4.692092e-03, 1.012925e-02, 7.223546e-03, 7.223594e-03, 7.223596e-03, 1.916691e-02, 1.916228e-02, 1.916694e-02, 1.916236e-02]
BSH residual: rms 1.394548e-02    max 1.916694e-02
Subspace solution [*]  1.0000e+00

timer:   Subspace transform     0.02s     0.02s
Norm of vector changes alpha: rms 1.394548e-02    max 1.916694e-02
timer:       Orthonormalize     0.06s     0.06s

Iteration 1 at time 8.5s

warning: boys localization did not fully converge:  900
timer:        Boys localize     0.52s     0.52s
timer:       Make densities     0.05s     0.05s
timer:       Load balancing     0.00s     0.00s
delta rho 5.771386e-02 5.771386e-02 residuals 1.916694e-02 1.916694e-02
timer:              Coulomb     0.34s     0.34s
timer:        DFT potential     0.04s     0.04s
timer:                V*psi     0.18s     0.18s
timer:        Truncate Vpsi     0.15s     0.15s
timer:            PE matrix     0.03s     0.02s
timer:            KE matrix     0.35s     0.35s

              kinetic     524.94999756
   nuclear attraction   -1252.87887756
              coulomb     231.21658074
 exchange-correlation     -29.22968176
    nuclear-repulsion       0.00000000
                total    -525.94198101

entering apply
timer:            Apply BSH     2.19s     2.19s
timer:     Truncate new psi     0.16s     0.16s
residuals [6.413892e-04, 2.046731e-03, 1.052566e-03, 1.052628e-03, 1.052551e-03, 5.380631e-03, 5.381276e-03, 5.380767e-03, 5.381279e-03]
BSH residual: rms 3.708016e-03    max 5.381279e-03
Subspace solution [*] -2.1384e-01  1.2138e+00

timer:   Subspace transform     0.04s     0.04s
Norm of vector changes alpha: rms 4.449860e-03    max 6.468336e-03
timer:       Orthonormalize     0.06s     0.06s

Iteration 2 at time 12.9s

warning: boys localization did not fully converge:  602
timer:        Boys localize     0.54s     0.54s
timer:       Make densities     0.05s     0.05s
delta rho 2.182403e-02 2.182403e-02 residuals 5.381279e-03 6.468336e-03
timer:              Coulomb     0.33s     0.33s
timer:        DFT potential     0.03s     0.03s
timer:                V*psi     0.17s     0.17s
timer:        Truncate Vpsi     0.15s     0.15s
timer:            PE matrix     0.03s     0.03s
timer:            KE matrix     0.34s     0.34s

              kinetic     524.88994110
   nuclear attraction   -1252.99853604
              coulomb     231.40174189
 exchange-correlation     -29.23779108
    nuclear-repulsion       0.00000000
                total    -525.94464414

entering apply
timer:            Apply BSH     2.17s     2.17s
timer:     Truncate new psi     0.16s     0.16s
residuals [1.297965e-04, 5.692747e-04, 3.367818e-04, 3.369787e-04, 3.366553e-04, 1.881595e-03, 1.881212e-03, 1.881545e-03, 1.881416e-03]
BSH residual: rms 1.284114e-03    max 1.881595e-03
Subspace solution [*] -5.9534e-02  5.3846e-02  1.0057e+00

timer:   Subspace transform     0.07s     0.07s
Norm of vector changes alpha: rms 1.442073e-03    max 2.042381e-03
timer:       Orthonormalize     0.06s     0.06s

Iteration 3 at time 17.3s

warning: boys localization did not fully converge:  603
timer:        Boys localize     0.51s     0.51s
timer:       Make densities     0.05s     0.05s
delta rho 6.571623e-03 6.571623e-03 residuals 1.881595e-03 2.042381e-03
timer:              Coulomb     0.32s     0.32s
timer:        DFT potential     0.03s     0.03s
timer:                V*psi     0.17s     0.17s
timer:        Truncate Vpsi     0.15s     0.15s
timer:            PE matrix     0.02s     0.02s
timer:            KE matrix     0.34s     0.34s

              kinetic     524.88891460
   nuclear attraction   -1253.00411399
              coulomb     231.40809240
 exchange-correlation     -29.23782603
    nuclear-repulsion       0.00000000
                total    -525.94493303

entering apply
timer:            Apply BSH     2.16s     2.16s
timer:     Truncate new psi     0.16s     0.16s
residuals [9.345626e-05, 1.963393e-04, 1.509745e-04, 1.513700e-04, 1.508895e-04, 6.983133e-04, 6.982465e-04, 6.982760e-04, 6.981883e-04]
BSH residual: rms 4.791199e-04    max 6.983133e-04
Subspace solution [*] -1.1736e-02 -2.7045e-02  2.8975e-01  7.4903e-01

timer:   Subspace transform     0.09s     0.09s
Norm of vector changes alpha: rms 3.115484e-02    max 6.610699e-02
timer:       Orthonormalize     0.06s     0.06s

Iteration 4 at time 21.7s

warning: boys localization did not fully converge:  900
timer:        Boys localize     0.54s     0.54s
timer:       Make densities     0.05s     0.05s
delta rho 1.869299e-03 1.869299e-03 residuals 6.983133e-04 6.610699e-02
timer:              Coulomb     0.33s     0.33s
timer:        DFT potential     0.04s     0.04s
timer:                V*psi     0.17s     0.17s
timer:        Truncate Vpsi     0.15s     0.15s
timer:            PE matrix     0.03s     0.03s
timer:            KE matrix     0.34s     0.34s

              kinetic     524.91755777
   nuclear attraction   -1253.05392862
              coulomb     231.43105724
 exchange-correlation     -29.23966515
    nuclear-repulsion       0.00000000
                total    -525.94497876

entering apply
timer:            Apply BSH     2.17s     2.17s
timer:     Truncate new psi     0.17s     0.17s
residuals [9.518749e-05, 1.197549e-04, 8.409480e-05, 8.410290e-05, 8.365334e-05, 3.210650e-04, 3.212715e-04, 3.209500e-04, 3.211513e-04]
BSH residual: rms 2.253368e-04    max 3.212715e-04
Increasing subspace singular value threshold  4.428641e+00 1.000000e-12
Increasing subspace singular value threshold  4.428641e+00 1.000000e-10
Increasing subspace singular value threshold  4.428641e+00 1.000000e-08
Increasing subspace singular value threshold  4.428641e+00 1.000000e-06
Subspace solution [*] -3.7237e-03  3.7232e-03  2.1218e-02 -7.6783e-03  9.8646e-01

timer:   Subspace transform     0.11s     0.11s
Norm of vector changes alpha: rms 2.221114e-03    max 4.687059e-03
timer:       Orthonormalize     0.06s     0.06s

Iteration 5 at time 26.1s

warning: boys localization did not fully converge:  308
timer:        Boys localize     0.56s     0.56s
timer:       Make densities     0.04s     0.04s
delta rho 1.128495e-03 1.128495e-03 residuals 3.212715e-04 4.687059e-03
timer:              Coulomb     0.30s     0.30s
timer:        DFT potential     0.03s     0.03s
timer:                V*psi     0.17s     0.17s
timer:        Truncate Vpsi     0.15s     0.15s
timer:            PE matrix     0.02s     0.02s
timer:            KE matrix     0.34s     0.34s

              kinetic     524.93744673
   nuclear attraction   -1253.08407264
              coulomb     231.44228381
 exchange-correlation     -29.24064823
    nuclear-repulsion       0.00000000
                total    -525.94499034

entering apply
timer:            Apply BSH     2.17s     2.17s
timer:     Truncate new psi     0.16s     0.16s
residuals [8.877567e-05, 7.760181e-05, 4.536719e-05, 4.573597e-05, 4.605015e-05, 1.960713e-04, 1.962664e-04, 1.962368e-04, 1.965707e-04]
BSH residual: rms 1.391590e-04    max 1.965707e-04
Subspace solution [*] -1.6408e-02  2.9650e-02  2.1937e-01 -5.2877e-01 -1.4098e-01  1.4371e+00

timer:   Subspace transform     0.13s     0.13s
Norm of vector changes alpha: rms 8.085177e-02    max 1.717102e-01
timer:       Orthonormalize     0.06s     0.06s

Iteration 6 at time 30.6s

warning: boys localization did not fully converge:  304
timer:        Boys localize     0.58s     0.58s
timer:       Make densities     0.04s     0.04s
delta rho 5.861505e-04 5.861505e-04 residuals 1.965707e-04 1.717102e-01
timer:              Coulomb     0.34s     0.34s
timer:        DFT potential     0.04s     0.04s
timer:                V*psi     0.17s     0.17s
timer:        Truncate Vpsi     0.15s     0.15s
timer:            PE matrix     0.03s     0.03s
timer:            KE matrix     0.34s     0.34s

              kinetic     524.94682193
   nuclear attraction   -1253.09538510
              coulomb     231.44447823
 exchange-correlation     -29.24090763
    nuclear-repulsion       0.00000000
                total    -525.94499257

entering apply
timer:            Apply BSH     2.18s     2.18s
timer:     Truncate new psi     0.16s     0.16s
residuals [8.933039e-05, 6.019594e-05, 4.171286e-05, 4.113454e-05, 3.131524e-05, 2.359254e-04, 2.369829e-04, 2.363669e-04, 2.367452e-04]
BSH residual: rms 1.632161e-04    max 2.369829e-04
Increasing subspace singular value threshold  4.341403e+00 1.000000e-12
Increasing subspace singular value threshold  4.341403e+00 1.000000e-10
Increasing subspace singular value threshold  4.341403e+00 1.000000e-08
Increasing subspace singular value threshold  4.341403e+00 1.000000e-06
Subspace solution [*]  4.1244e-03  3.3328e-02 -2.4433e-01 -7.4599e-01  1.9304e+00  1.7429e-01 -1.5178e-01

timer:   Subspace transform     0.15s     0.15s
  restricting step for alpha orbitals: 2 3 4
Norm of vector changes alpha: rms 3.726755e-01    max 7.908842e-01
timer:       Orthonormalize     0.07s     0.07s

Iteration 7 at time 35.2s

warning: boys localization did not fully converge:  305
timer:        Boys localize     0.60s     0.60s
timer:       Make densities     0.05s     0.05s
delta rho 3.447846e-03 3.447846e-03 residuals 2.369829e-04 7.908842e-01
timer:              Coulomb     0.31s     0.31s
timer:        DFT potential     0.04s     0.04s
timer:                V*psi     0.17s     0.17s
timer:        Truncate Vpsi     0.15s     0.15s
timer:            PE matrix     0.04s     0.04s
timer:            KE matrix     0.35s     0.35s

              kinetic     524.95113663
   nuclear attraction   -1253.10609381
              coulomb     231.45135606
 exchange-correlation     -29.24139187
    nuclear-repulsion       0.00000000
                total    -525.94499299

entering apply
timer:            Apply BSH     2.18s     2.18s
timer:     Truncate new psi     0.16s     0.16s
residuals [8.592461e-05, 5.652140e-05, 6.280313e-04, 4.800201e-04, 5.131603e-04, 1.980991e-04, 1.951524e-04, 1.946894e-04, 1.971759e-04]
BSH residual: rms 3.420305e-04    max 6.280313e-04
Subspace solution [*]  8.6992e-03  5.6927e-03 -1.9004e-01 -1.8403e-01  1.2327e+00 -1.6854e+00  1.7502e+00  6.2061e-02

timer:   Subspace transform     0.17s     0.17s
Norm of vector changes alpha: rms 9.425984e-02    max 2.000033e-01
timer:       Orthonormalize     0.05s     0.05s

Iteration 8 at time 39.8s

warning: boys localization did not fully converge:  305
timer:        Boys localize     0.66s     0.66s
timer:       Make densities     0.05s     0.05s
delta rho 6.077043e-03 6.077043e-03 residuals 6.280313e-04 2.000033e-01
timer:              Coulomb     0.33s     0.33s
timer:        DFT potential     0.04s     0.04s
timer:                V*psi     0.17s     0.17s
timer:        Truncate Vpsi     0.15s     0.15s
timer:            PE matrix     0.02s     0.02s
timer:            KE matrix     0.36s     0.36s

              kinetic     524.96602741
   nuclear attraction   -1253.12680465
              coulomb     231.45779992
 exchange-correlation     -29.24201790
    nuclear-repulsion       0.00000000
                total    -525.94499522

entering apply
timer:            Apply BSH     2.17s     2.17s
timer:     Truncate new psi     0.16s     0.16s
residuals [8.599276e-05, 6.551916e-05, 1.298330e-03, 1.404823e-03, 5.361182e-04, 2.478431e-04, 2.707095e-04, 2.436389e-04, 2.532588e-04]
BSH residual: rms 6.844714e-04    max 1.404823e-03
Subspace solution [*]  5.2662e-02 -1.5972e-01 -5.1181e-01  1.0759e+00  1.7249e-01  2.9177e-01  8.7248e-02 -8.4994e-03

timer:   Subspace transform     0.17s     0.17s
  restricting step for alpha orbitals: 2 4
Norm of vector changes alpha: rms 2.224711e-01    max 4.679842e-01
timer:       Orthonormalize     0.06s     0.06s

Iteration 9 at time 44.6s

timer:        Boys localize     0.62s     0.62s
timer:       Make densities     0.04s     0.04s
delta rho 6.970936e-03 6.970936e-03 residuals 1.404823e-03 4.679842e-01
timer:              Coulomb     0.33s     0.33s
timer:        DFT potential     0.04s     0.04s
timer:                V*psi     0.18s     0.18s
timer:        Truncate Vpsi     0.15s     0.15s
timer:            PE matrix     0.03s     0.03s
timer:            KE matrix     0.34s     0.34s

              kinetic     524.96070509
   nuclear attraction   -1253.11686136
              coulomb     231.45280101
 exchange-correlation     -29.24163841
    nuclear-repulsion       0.00000000
                total    -525.94499367

entering apply
timer:            Apply BSH     2.18s     2.18s
timer:     Truncate new psi     0.16s     0.16s
residuals [8.722826e-05, 5.741205e-05, 3.148258e-05, 5.408819e-05, 4.711428e-05, 1.369705e-04, 1.367724e-04, 1.364526e-04, 1.367277e-04]
BSH residual: rms 1.010076e-04    max 1.369705e-04
Subspace solution [*] -6.6656e-02 -2.6070e-01  5.5707e-01  3.0301e-02  1.4597e-01 -8.3797e-03  2.9042e-03  5.9949e-01

timer:   Subspace transform     0.17s     0.17s
Norm of vector changes alpha: rms 9.549760e-02    max 2.095627e-01
timer:       Orthonormalize     0.05s     0.05s

Iteration 10 at time 49.2s

timer:        Boys localize     0.56s     0.56s
timer:       Make densities     0.05s     0.05s
timer:       Load balancing     0.00s     0.00s
delta rho 4.143496e-04 4.143496e-04 residuals 1.369705e-04 2.095627e-01
timer:              Coulomb     0.34s     0.34s
timer:        DFT potential     0.04s     0.04s
timer:                V*psi     0.17s     0.17s
timer:        Truncate Vpsi     0.15s     0.15s
timer:            PE matrix     0.03s     0.03s
timer:            KE matrix     0.34s     0.34s

              kinetic     524.96069828
   nuclear attraction   -1253.11794091
              coulomb     231.45393438
 exchange-correlation     -29.24168612
    nuclear-repulsion       0.00000000
                total    -525.94499436

entering apply
timer:            Apply BSH     2.17s     2.17s
timer:     Truncate new psi     0.16s     0.16s
residuals [8.655306e-05, 5.262989e-05, 2.403634e-05, 2.405862e-05, 2.390240e-05, 1.049798e-04, 1.049872e-04, 1.048551e-04, 1.049006e-04]
BSH residual: rms 7.890292e-05    max 1.049872e-04
Subspace solution [*] -2.9328e-02 -4.0229e-02  3.1766e-01 -5.7551e-02  7.4853e-03 -7.4707e-03 -2.0240e-01  1.0118e+00

timer:   Subspace transform     0.17s     0.17s
Norm of vector changes alpha: rms 4.399856e-02    max 8.185501e-02
timer:       Orthonormalize     0.05s     0.05s

Iteration 11 at time 53.9s

timer:        Boys localize     0.57s     0.57s
timer:       Make densities     0.05s     0.05s
delta rho 1.377587e-04 1.377587e-04 residuals 1.049872e-04 8.185501e-02
timer:              Coulomb     0.33s     0.33s
timer:        DFT potential     0.04s     0.04s
timer:                V*psi     0.17s     0.17s
timer:        Truncate Vpsi     0.14s     0.14s
timer:            PE matrix     0.03s     0.03s
timer:            KE matrix     0.34s     0.34s

              kinetic     524.96056155
   nuclear attraction   -1253.11731016
              coulomb     231.45340455
 exchange-correlation     -29.24164976
    nuclear-repulsion       0.00000000
                total    -525.94499382

entering apply
timer:            Apply BSH     2.16s     2.16s
timer:     Truncate new psi     0.16s     0.16s
residuals [8.642284e-05, 5.285858e-05, 2.136038e-05, 2.091963e-05, 2.090478e-05, 1.029939e-04, 1.030944e-04, 1.027650e-04, 1.027917e-04]
BSH residual: rms 7.742870e-05    max 1.030944e-04
Subspace solution [*] -1.3873e-01  4.9335e-01 -1.0796e-01  2.2229e-03 -1.1442e-02 -3.1603e-01  1.5553e+00 -4.7668e-01

timer:   Subspace transform     0.17s     0.17s
  restricting step for alpha orbitals: 2 3 4
Norm of vector changes alpha: rms 1.854093e-01    max 3.598012e-01
timer:       Orthonormalize     0.05s     0.05s

Iteration 12 at time 58.5s

timer:        Boys localize     0.59s     0.59s
timer:       Make densities     0.04s     0.04s
delta rho 1.402227e-03 1.402227e-03 residuals 1.030944e-04 3.598012e-01
timer:              Coulomb     0.35s     0.35s
timer:        DFT potential     0.04s     0.04s
timer:                V*psi     0.17s     0.17s
timer:        Truncate Vpsi     0.15s     0.15s
timer:            PE matrix     0.02s     0.02s
timer:            KE matrix     0.34s     0.34s

              kinetic     524.95998509
   nuclear attraction   -1253.11677497
              coulomb     231.45344079
 exchange-correlation     -29.24164378
    nuclear-repulsion       0.00000000
                total    -525.94499286

entering apply
timer:            Apply BSH     2.17s     2.17s
timer:     Truncate new psi     0.16s     0.16s
residuals [8.658493e-05, 5.309152e-05, 2.664617e-04, 2.810005e-04, 1.259049e-04, 1.135749e-04, 1.136879e-04, 1.127180e-04, 1.128877e-04]
BSH residual: rms 1.589563e-04    max 2.810005e-04
Subspace solution [*] -6.1459e-02  6.6091e-02  1.1045e-02 -6.2944e-03 -1.5366e-01  2.8565e-01  8.8438e-01 -2.5760e-02

timer:   Subspace transform     0.18s     0.18s
Norm of vector changes alpha: rms 6.458535e-02    max 1.359803e-01
timer:       Orthonormalize     0.05s     0.05s

Iteration 13 at time 63.1s

timer:        Boys localize     0.59s     0.59s
timer:       Make densities     0.05s     0.05s
delta rho 1.406999e-03 1.406999e-03 residuals 2.810005e-04 1.359803e-01
timer:              Coulomb     0.32s     0.32s
timer:        DFT potential     0.03s     0.03s
timer:                V*psi     0.17s     0.17s
timer:        Truncate Vpsi     0.15s     0.15s
timer:            PE matrix     0.02s     0.02s
timer:            KE matrix     0.34s     0.34s

              kinetic     524.96261042
   nuclear attraction   -1253.12009854
              coulomb     231.45422331
 exchange-correlation     -29.24172863
    nuclear-repulsion       0.00000000
                total    -525.94499345

entering apply
timer:            Apply BSH     2.17s     2.17s
timer:     Truncate new psi     0.16s     0.16s
residuals [8.618714e-05, 5.291375e-05, 2.026140e-05, 1.553385e-05, 1.666501e-05, 1.016441e-04, 1.018087e-04, 1.011147e-04, 1.017447e-04]
BSH residual: rms 7.632558e-05    max 1.018087e-04
Subspace solution [*]  4.0709e-02  6.0352e-05 -1.8347e-03  1.3008e-01 -2.3410e-02  1.8129e-01 -1.8396e-02  6.9150e-01

timer:   Subspace transform     0.17s     0.17s
Norm of vector changes alpha: rms 4.783155e-02    max 9.835550e-02
timer:       Orthonormalize     0.05s     0.05s

Iteration 14 at time 67.8s

timer:        Boys localize     0.59s     0.59s
timer:       Make densities     0.04s     0.04s
delta rho 6.401372e-05 6.401372e-05 residuals 1.018087e-04 9.835550e-02
timer:              Coulomb     0.35s     0.35s
timer:        DFT potential     0.03s     0.03s
timer:                V*psi     0.17s     0.17s
timer:        Truncate Vpsi     0.15s     0.15s
timer:            PE matrix     0.03s     0.03s
timer:            KE matrix     0.35s     0.35s

              kinetic     524.96266374
   nuclear attraction   -1253.11957768
              coulomb     231.45361256
 exchange-correlation     -29.24169324
    nuclear-repulsion       0.00000000
                total    -525.94499462


Converged!

 
alpha eigenvalues
[*] -1.1380e+02 -1.0794e+01 -8.4438e+00 -8.4438e+00 -8.4438e+00 -8.8314e-01 -3.8235e-01 -3.8235e-01 -3.8235e-01

Orbitals are localized - energies are diagonal Fock matrix elements

Analysis of alpha MO vectors
  MO   0 : occ=1.00 : energy=-113.800513 : center=(-0.00,-0.00,-0.00) : radius=0.10
           Ar(0)   s( 0) 0.996  
  MO   1 : occ=1.00 : energy= -10.794405 : center=(0.00,0.00,0.00) : radius=0.45
           Ar(0)   s( 1) 1.027    Ar(0)   s( 0)-0.291  
  MO   2 : occ=1.00 : energy=  -8.443738 : center=(-0.00,-0.00,-0.00) : radius=0.42
           Ar(0)  pz( 4)-0.760    Ar(0)  px( 2)-0.625  
  MO   3 : occ=1.00 : energy=  -8.443739 : center=(0.00,-0.00,-0.00) : radius=0.42
           Ar(0)  py( 3)-0.892    Ar(0)  px( 2) 0.386  
  MO   4 : occ=1.00 : energy=  -8.443738 : center=(-0.00,-0.00,0.00) : radius=0.42
           Ar(0)  px( 2)-0.664    Ar(0)  pz( 4) 0.606    Ar(0)  py( 3)-0.415  
  MO   5 : occ=1.00 : energy=  -0.507562 : center=(-0.34,0.08,-0.65) : radius=1.60
           Ar(0)  pz( 8) 0.569    Ar(0)   s( 5)-0.383    Ar(0)  pz(12) 0.301    Ar(0)  px( 6) 0.299    Ar(0)  pz( 4)-0.230    Ar(0)   s( 1) 0.200  
  MO   6 : occ=1.00 : energy=  -0.507660 : center=(0.56,-0.48,-0.07) : radius=1.60
           Ar(0)  px( 6) 0.491    Ar(0)  py( 7)-0.416    Ar(0)   s( 5) 0.383    Ar(0)  px(10) 0.259    Ar(0)  py(11)-0.220    Ar(0)   s( 1)-0.200    Ar(0)  px( 2)-0.198  
  MO   7 : occ=1.00 : energy=  -0.507562 : center=(-0.48,-0.26,0.50) : radius=1.60
           Ar(0)  pz( 8)-0.438    Ar(0)  px( 6) 0.419    Ar(0)   s( 5)-0.383    Ar(0)  pz(12)-0.231    Ar(0)  py( 7) 0.225    Ar(0)  px(10) 0.221    Ar(0)   s( 1) 0.200  
  MO   8 : occ=1.00 : energy=  -0.507660 : center=(0.26,0.66,0.22) : radius=1.60
           Ar(0)  py( 7)-0.574    Ar(0)   s( 5)-0.383    Ar(0)  py(11)-0.303    Ar(0)  py( 3) 0.231    Ar(0)  px( 6)-0.227    Ar(0)   s( 1) 0.200    Ar(0)  pz( 8)-0.193  

Solving with thresh 1.000000e-06     k 8    conv 1.000000e-04 

timer:     Project vnuclear     0.80s     0.80s
timer:     project ao basis     1.14s     1.14s

Iteration 0 at time 72.8s

timer:        Boys localize     1.47s     1.47s
timer:       Make densities     0.07s     0.07s
timer:       Load balancing     0.00s     0.00s
timer:              Coulomb     1.38s     1.38s
timer:        DFT potential     0.08s     0.08s
timer:                V*psi     0.41s     0.41s
timer:        Truncate Vpsi     0.30s     0.30s
timer:            PE matrix     0.04s     0.04s
timer:            KE matrix     0.59s     0.59s

              kinetic     524.96288655
   nuclear attraction   -1253.11958066
              coulomb     231.45354810
 exchange-correlation     -29.24169357
    nuclear-repulsion       0.00000000
                total    -525.94483958

entering apply
timer:            Apply BSH    17.12s    17.12s
timer:     Truncate new psi     0.56s     0.56s
residuals [1.721049e-04, 1.746962e-04, 2.030345e-04, 2.031697e-04, 2.026126e-04, 2.393729e-04, 2.393873e-04, 2.393374e-04, 2.394281e-04]
BSH residual: rms 2.141924e-04    max 2.394281e-04
Subspace solution [*]  1.0000e+00

timer:   Subspace transform     0.04s     0.04s
Norm of vector changes alpha: rms 2.141924e-04    max 2.394281e-04
timer:       Orthonormalize     0.13s     0.13s

Iteration 1 at time 95.4s

timer:        Boys localize     1.44s     1.44s
timer:       Make densities     0.14s     0.14s
timer:       Load balancing     0.00s     0.00s
delta rho 4.692043e-04 4.692043e-04 residuals 2.394281e-04 2.394281e-04
timer:              Coulomb     3.05s     3.05s
timer:        DFT potential     0.29s     0.29s
timer:                V*psi     0.44s     0.44s
timer:        Truncate Vpsi     0.31s     0.31s
timer:            PE matrix     0.08s     0.08s
timer:            KE matrix     1.16s     1.16s

              kinetic     524.96495306
   nuclear attraction   -1253.12558928
              coulomb     231.45653542
 exchange-correlation     -29.24198564
    nuclear-repulsion       0.00000000
                total    -525.94608645

entering apply
timer:            Apply BSH    19.23s    19.23s
timer:     Truncate new psi     0.61s     0.61s
residuals [1.267546e-05, 2.394976e-05, 1.075482e-05, 1.074752e-05, 1.041087e-05, 8.828218e-05, 8.833638e-05, 8.851901e-05, 8.851873e-05]
BSH residual: rms 5.994633e-05    max 8.851901e-05
Subspace solution [*]  9.8299e-02  9.0170e-01

timer:   Subspace transform     0.09s     0.09s
Norm of vector changes alpha: rms 6.470197e-03    max 1.277702e-02
timer:       Orthonormalize     0.14s     0.14s

Iteration 2 at time 123.1s

timer:        Boys localize     1.22s     1.22s
timer:       Make densities     0.10s     0.10s
delta rho 8.383821e-05 8.383821e-05 residuals 8.851901e-05 1.277702e-02
timer:              Coulomb     1.80s     1.80s
timer:        DFT potential     0.17s     0.17s
timer:                V*psi     0.51s     0.51s
timer:        Truncate Vpsi     0.35s     0.35s
timer:            PE matrix     0.06s     0.06s
timer:            KE matrix     0.85s     0.85s

              kinetic     524.96828135
   nuclear attraction   -1253.13081825
              coulomb     231.45861029
 exchange-correlation     -29.24216324
    nuclear-repulsion       0.00000000
                total    -525.94608985


Converged!

 
alpha eigenvalues
[*] -1.1380e+02 -1.0794e+01 -8.4434e+00 -8.4434e+00 -8.4434e+00 -8.8336e-01 -3.8231e-01 -3.8231e-01 -3.8231e-01

Orbitals are localized - energies are diagonal Fock matrix elements

Analysis of alpha MO vectors
  MO   0 : occ=1.00 : energy=-113.799997 : center=(-0.00,-0.00,-0.00) : radius=0.10
           Ar(0)   s( 0) 0.996  
  MO   1 : occ=1.00 : energy= -10.794093 : center=(0.00,0.00,0.00) : radius=0.45
           Ar(0)   s( 1) 1.027    Ar(0)   s( 0)-0.291  
  MO   2 : occ=1.00 : energy=  -8.443358 : center=(-0.00,-0.00,-0.00) : radius=0.42
           Ar(0)  px( 2)-0.705    Ar(0)  pz( 4)-0.640    Ar(0)  py( 3)-0.271  
  MO   3 : occ=1.00 : energy=  -8.443358 : center=(0.00,-0.00,-0.00) : radius=0.42
           Ar(0)  py( 3)-0.901    Ar(0)  px( 2) 0.405  
  MO   4 : occ=1.00 : energy=  -8.443358 : center=(-0.00,-0.00,0.00) : radius=0.42
           Ar(0)  pz( 4) 0.753    Ar(0)  px( 2)-0.564    Ar(0)  py( 3)-0.309  
  MO   5 : occ=1.00 : energy=  -0.507733 : center=(-0.13,0.02,-0.73) : radius=1.60
           Ar(0)  pz( 8) 0.637    Ar(0)   s( 5)-0.384    Ar(0)  pz(12) 0.336    Ar(0)  pz( 4)-0.257    Ar(0)   s( 1) 0.200  
  MO   6 : occ=1.00 : energy=  -0.507733 : center=(0.50,-0.53,0.15) : radius=1.60
           Ar(0)  py( 7)-0.459    Ar(0)  px( 6) 0.436    Ar(0)   s( 5) 0.384    Ar(0)  py(11)-0.242    Ar(0)  px(10) 0.230    Ar(0)   s( 1)-0.200    Ar(0)  py( 3) 0.185  
  MO   7 : occ=1.00 : energy=  -0.507388 : center=(-0.63,-0.15,0.36) : radius=1.60
           Ar(0)  px( 6) 0.551    Ar(0)   s( 5)-0.383    Ar(0)  pz( 8)-0.312    Ar(0)  px(10) 0.291    Ar(0)  px( 2)-0.222    Ar(0)   s( 1) 0.200  
  MO   8 : occ=1.00 : energy=  -0.507684 : center=(0.26,0.66,0.22) : radius=1.60
           Ar(0)  py( 7)-0.574    Ar(0)   s( 5)-0.384    Ar(0)  py(11)-0.303    Ar(0)  py( 3) 0.231    Ar(0)  px( 6)-0.227    Ar(0)   s( 1) 0.200    Ar(0)  pz( 8)-0.193  
timer:             plotting     0.00s     0.00s

    Parallel environment
    --------------------
                  #nodes    1
       #threads per node    7+main = 8
          #total threads    8

  RMI message statistics (min / avg / max)
  ----------------------
 #messages sent per node    0.00e+00 / 0.00e+00 / 0.00e+00
    #bytes sent per node    0.00e+00 / 0.00e+00 / 0.00e+00
 #messages recv per node    0.00e+00 / 0.00e+00 / 0.00e+00
    #bytes recv per node    0.00e+00 / 0.00e+00 / 0.00e+00
        #msgs systemwide    0.00e+00
       #bytes systemwide    0.00e+00

  Thread pool statistics (min / avg / max)
  ----------------------
         #tasks per node    2.61e+07 / 2.61e+07 / 2.61e+07
     #max q len per node    3.80e+04 / 3.80e+04 / 3.80e+04
  #hi-pri tasks per node    1.11e+07 / 1.11e+07 / 1.11e+07

         Total wall time    130.4s
         Total  cpu time    130.4s

