Runtime initialized with 2 threads in the pool and affinity -1 -1 -1
Cubic point group

 The point group is D2h

Solving with thresh 1.000000e-04     k 6    conv 1.000000e-04 




 MADNESS Hartree-Fock and Density Functional Theory Program
 ----------------------------------------------------------



 geometry
   eprec 1.0e-04
   units atomic
   Ar            0.00000000           0.00000000           0.00000000
 end


             restart  false
 number of processes  1
   no. of io servers  1
     simulation cube  -5.000000e+01 5.000000e+01
        total charge  0.000000e+00
            smearing  0.000000e+00
 number of electrons  9 9
  number of orbitals  9 9
     spin restricted  true
       xc functional   LDA
         xc libraray  libxc
 initial guess basis  sto-3g
 max krylov subspace  5
    compute protocol  [1.000000e-04, 1.000000e-06]
  energy convergence  1.000000e-05
 density convergence  1.000000e-04
    maximum rotation  2.500000e-01
 Convergence criteria are density delta & BSH residual.
        plot density  false
        plot coulomb  false
        plot orbital  0 -1
        plot npoints  101
        plot  volume  default
  localized orbitals  boys

Solving with thresh 1.000000e-04     k 6    conv 1.000000e-04 

timer:     Project vnuclear     0.75s     0.75s
timer:     project ao basis     0.40s     0.40s
timer:        guess density     1.08s     1.08s
guess dens trace 1.800008e+01
timer:   guess Coulomb potn     1.03s     1.03s
initial eigenvalues
[*] -1.1248e+02 -1.0439e+01 -8.1621e+00 -8.1621e+00 -8.1621e+00 -7.5842e-01 -2.6070e-01 -2.6070e-01 -2.6070e-01



WSTHORNTON: initial eigenvectors
[0,*]  9.9401e-01  3.8580e-01 -8.9592e-10  4.7661e-10  1.3179e-07  1.0174e-01 -1.3152e-08 -2.0232e-12 -1.6497e-11
[1,*]  1.6782e-02 -1.0521e+00  2.4165e-09 -1.2855e-09 -3.5545e-07 -3.2413e-01  4.4622e-08  6.8642e-12  5.5971e-11
[2,*] -7.2350e-10 -1.9709e-07 -5.7907e-01 -5.6315e-01  5.6834e-01  3.8052e-08  1.7199e-01 -6.4128e-02  2.3525e-01
[3,*] -7.2350e-10 -1.9709e-07  7.7318e-01 -2.1346e-01  5.7627e-01  3.8052e-08  1.7252e-01 -1.7144e-01 -1.7286e-01
[4,*] -7.2350e-10 -1.9709e-07 -2.0575e-01  7.8279e-01  5.6601e-01  3.8052e-08  1.7232e-01  2.3565e-01 -6.1742e-02
[5,*] -1.9981e-03 -5.5733e-02  2.4308e-10 -1.2932e-10 -3.5757e-08  1.0293e+00 -1.7278e-07 -2.6579e-11 -2.1673e-10
[6,*]  1.7503e-10 -3.6759e-09 -2.7022e-02 -2.6279e-02  2.6522e-02 -9.9156e-08 -5.9410e-01  2.2151e-01 -8.1262e-01
[7,*]  1.7503e-10 -3.6759e-09  3.6081e-02 -9.9611e-03  2.6892e-02 -9.9156e-08 -5.9593e-01  5.9221e-01  5.9711e-01
[8,*]  1.7503e-10 -3.6759e-09 -9.6011e-03  3.6529e-02  2.6413e-02 -9.9156e-08 -5.9523e-01 -8.1400e-01  2.1327e-01

alpha set 0 0-0
alpha set 1 1-1
alpha set 2 2-4
alpha set 3 5-8

Iteration 0 at time 4.8s

warning: boys localization did not fully converge:  922
timer:        Boys localize     0.51s     0.51s
timer:       Make densities     0.07s     0.07s
timer:       Load balancing     0.00s     0.00s
timer:              Coulomb     0.49s     0.49s
timer:        DFT potential     0.05s     0.05s
timer:                V*psi     0.27s     0.27s
timer:        Truncate Vpsi     0.23s     0.23s
timer:            PE matrix     0.03s     0.03s
timer:            KE matrix     0.52s     0.52s

              kinetic     512.49103148
   nuclear attraction   -1235.16440221
              coulomb     231.72486105
 exchange-correlation     -29.24134527
    nuclear-repulsion       0.00000000
                total    -520.18985495

entering apply
timer:            Apply BSH     3.39s     3.39s
timer:     Truncate new psi     0.27s     0.27s
residuals [1.572877e-02, 5.963802e-02, 4.154888e-02, 4.154884e-02, 4.154889e-02, 1.400828e-01, 1.399292e-01, 1.400829e-01, 1.399322e-01]
BSH residual: rms 9.853968e-02    max 1.400829e-01
Subspace solution [*]  1.0000e+00

timer:   Subspace transform     0.04s     0.04s
Norm of vector changes alpha: rms 9.853968e-02    max 1.400829e-01
timer:       Orthonormalize     0.09s     0.09s

Iteration 1 at time 11.1s

warning: boys localization did not fully converge:  307
timer:        Boys localize     0.81s     0.81s
timer:       Make densities     0.07s     0.07s
timer:       Load balancing     0.00s     0.00s
delta rho 7.116330e-01 7.116330e-01 residuals 1.400829e-01 1.400829e-01
timer:              Coulomb     0.45s     0.45s
timer:        DFT potential     0.06s     0.06s
timer:                V*psi     0.25s     0.25s
timer:        Truncate Vpsi     0.21s     0.21s
timer:            PE matrix     0.03s     0.03s
timer:            KE matrix     0.50s     0.50s

              kinetic     508.07516148
   nuclear attraction   -1232.16524521
              coulomb     227.48280640
 exchange-correlation     -28.81355244
    nuclear-repulsion       0.00000000
                total    -525.42082977

entering apply
timer:            Apply BSH     3.02s     3.02s
timer:     Truncate new psi     0.28s     0.28s
residuals [6.204256e-03, 1.023991e-02, 1.468725e-02, 1.468727e-02, 1.468719e-02, 4.789211e-02, 4.791897e-02, 4.789213e-02, 4.791837e-02]
BSH residual: rms 3.328363e-02    max 4.791897e-02
Subspace solution [*]  1.1260e-02  9.8874e-01

timer:   Subspace transform     0.07s     0.07s
Norm of vector changes alpha: rms 3.300053e-02    max 4.731632e-02
timer:       Orthonormalize     0.09s     0.09s

Iteration 2 at time 17.3s

warning: boys localization did not fully converge:  309
timer:        Boys localize     1.17s     1.17s
timer:       Make densities     0.08s     0.08s
delta rho 2.489720e-01 2.489720e-01 residuals 4.791897e-02 4.731632e-02
timer:              Coulomb     0.60s     0.60s
timer:        DFT potential     0.07s     0.07s
timer:                V*psi     0.33s     0.33s
timer:        Truncate Vpsi     0.27s     0.27s
timer:            PE matrix     0.05s     0.05s
timer:            KE matrix     0.64s     0.64s

              kinetic     517.19125959
   nuclear attraction   -1244.19452067
              coulomb     230.25101408
 exchange-correlation     -29.07677703
    nuclear-repulsion       0.00000000
                total    -525.82902403

entering apply
timer:            Apply BSH     4.19s     4.19s
timer:     Truncate new psi     0.31s     0.31s
residuals [2.838600e-03, 5.936288e-03, 8.556520e-03, 8.559932e-03, 8.557747e-03, 1.935419e-02, 1.934908e-02, 1.935420e-02, 1.934922e-02]
BSH residual: rms 1.398796e-02    max 1.935420e-02
Subspace solution [*]  1.7662e-01  8.2338e-01

timer:   Subspace transform     0.07s     0.07s
Norm of vector changes alpha: rms 2.556057e-02    max 4.801512e-02
timer:       Orthonormalize     0.09s     0.09s

Iteration 3 at time 25.6s

warning: boys localization did not fully converge:  601
timer:        Boys localize     1.06s     1.06s
timer:       Make densities     0.07s     0.07s
delta rho 8.987924e-02 8.987924e-02 residuals 1.935420e-02 4.801512e-02
timer:              Coulomb     0.49s     0.49s
timer:        DFT potential     0.06s     0.06s
timer:                V*psi     0.30s     0.30s
timer:        Truncate Vpsi     0.25s     0.25s
timer:            PE matrix     0.04s     0.04s
timer:            KE matrix     0.56s     0.56s

              kinetic     520.45667901
   nuclear attraction   -1247.76513001
              coulomb     230.53225329
 exchange-correlation     -29.12943332
    nuclear-repulsion       0.00000000
                total    -525.90563103

entering apply
timer:            Apply BSH     3.54s     3.54s
timer:     Truncate new psi     0.25s     0.25s
residuals [1.490152e-03, 3.682901e-03, 5.413947e-03, 5.419777e-03, 5.419289e-03, 7.168722e-03, 7.170340e-03, 7.168552e-03, 7.170365e-03]
BSH residual: rms 5.863678e-03    max 7.170365e-03
Subspace solution [*] -1.4917e-01 -1.2602e-01  1.2752e+00

timer:   Subspace transform     0.08s     0.08s
Norm of vector changes alpha: rms 1.510523e-02    max 2.932593e-02
timer:       Orthonormalize     0.07s     0.07s

Iteration 4 at time 32.7s

warning: boys localization did not fully converge:  314
timer:        Boys localize     1.07s     1.07s
timer:       Make densities     0.07s     0.07s
delta rho 8.877967e-02 8.877967e-02 residuals 7.170365e-03 2.932593e-02
timer:              Coulomb     0.43s     0.43s
timer:        DFT potential     0.07s     0.07s
timer:                V*psi     0.25s     0.25s
timer:        Truncate Vpsi     0.22s     0.22s
timer:            PE matrix     0.04s     0.04s
timer:            KE matrix     0.51s     0.51s

              kinetic     523.96983032
   nuclear attraction   -1251.92010786
              coulomb     231.22201379
 exchange-correlation     -29.21320984
    nuclear-repulsion       0.00000000
                total    -525.94147360

entering apply
timer:            Apply BSH     3.11s     3.11s
timer:     Truncate new psi     0.27s     0.27s
residuals [2.382700e-04, 1.301767e-03, 1.745327e-03, 1.737300e-03, 1.736390e-03, 3.360771e-03, 3.360717e-03, 3.360945e-03, 3.360779e-03]
BSH residual: rms 2.494678e-03    max 3.360945e-03
Subspace solution [*] -1.8798e-02 -1.3121e-01  3.3234e-01  8.1767e-01

timer:   Subspace transform     0.13s     0.13s
Norm of vector changes alpha: rms 2.474439e-02    max 5.232125e-02
timer:       Orthonormalize     0.10s     0.10s

Iteration 5 at time 39.4s

warning: boys localization did not fully converge:  305
timer:        Boys localize     1.19s     1.19s
timer:       Make densities     0.09s     0.09s
delta rho 1.560496e-02 1.560496e-02 residuals 3.360945e-03 5.232125e-02
timer:              Coulomb     0.59s     0.59s
timer:        DFT potential     0.08s     0.08s
timer:                V*psi     0.36s     0.36s
timer:        Truncate Vpsi     0.28s     0.28s
timer:            PE matrix     0.04s     0.04s
timer:            KE matrix     0.71s     0.71s

              kinetic     524.52865912
   nuclear attraction   -1252.58767590
              coulomb     231.34336678
 exchange-correlation     -29.22841619
    nuclear-repulsion       0.00000000
                total    -525.94406619

entering apply
timer:            Apply BSH     4.28s     4.28s
timer:     Truncate new psi     0.23s     0.23s
residuals [1.101984e-04, 6.984297e-04, 8.771970e-04, 8.725506e-04, 8.770765e-04, 1.409105e-03, 1.409172e-03, 1.409218e-03, 1.409178e-03]
BSH residual: rms 1.092553e-03    max 1.409218e-03
Subspace solution [*]  3.4529e-02 -4.5190e-02 -1.9748e-01  1.9974e-01  1.0084e+00

timer:   Subspace transform     0.15s     0.15s
Norm of vector changes alpha: rms 2.295821e-02    max 4.857940e-02
timer:       Orthonormalize     0.09s     0.09s

Iteration 6 at time 47.9s

timer:        Boys localize     1.08s     1.08s
timer:       Make densities     0.09s     0.09s
delta rho 1.308559e-02 1.308559e-02 residuals 1.409218e-03 4.857940e-02
timer:              Coulomb     0.77s     0.77s
timer:        DFT potential     0.06s     0.06s
timer:                V*psi     0.37s     0.37s
timer:        Truncate Vpsi     0.23s     0.23s
timer:            PE matrix     0.04s     0.04s
timer:            KE matrix     0.61s     0.61s

              kinetic     524.95686600
   nuclear attraction   -1253.09515129
              coulomb     231.43331940
 exchange-correlation     -29.24002871
    nuclear-repulsion       0.00000000
                total    -525.94499460

entering apply
timer:            Apply BSH     4.45s     4.45s
timer:     Truncate new psi     0.29s     0.29s
residuals [9.506805e-05, 1.732304e-04, 1.398157e-04, 1.367087e-04, 1.395725e-04, 4.757840e-04, 4.759944e-04, 4.759025e-04, 4.761107e-04]
BSH residual: rms 3.338114e-04    max 4.761107e-04
Subspace solution [*] -1.9497e-02 -1.3493e-02  1.4818e-01  5.1644e-02  8.3317e-01

timer:   Subspace transform     0.15s     0.15s
Norm of vector changes alpha: rms 8.690943e-02    max 1.690930e-01
timer:       Orthonormalize     0.07s     0.07s

Iteration 7 at time 56.6s

timer:        Boys localize     1.15s     1.15s
timer:       Make densities     0.08s     0.08s
delta rho 2.209944e-03 2.209944e-03 residuals 4.761107e-04 1.690930e-01
timer:              Coulomb     0.65s     0.65s
timer:        DFT potential     0.06s     0.06s
timer:                V*psi     0.28s     0.28s
timer:        Truncate Vpsi     0.24s     0.24s
timer:            PE matrix     0.04s     0.04s
timer:            KE matrix     0.53s     0.53s

              kinetic     524.97794604
   nuclear attraction   -1253.12493370
              coulomb     231.44294697
 exchange-correlation     -29.24097192
    nuclear-repulsion       0.00000000
                total    -525.94501261

entering apply
timer:            Apply BSH     3.13s     3.13s
timer:     Truncate new psi     0.23s     0.23s
residuals [9.220089e-05, 1.124376e-04, 3.201787e-04, 1.561833e-04, 2.570437e-04, 2.914987e-04, 2.995509e-04, 2.987769e-04, 3.006094e-04]
BSH residual: rms 2.513206e-04    max 3.201787e-04
Subspace solution [*] -4.1951e-02 -6.8023e-02  4.7018e-01  1.7869e-01  4.6110e-01

timer:   Subspace transform     0.16s     0.16s
Norm of vector changes alpha: rms 1.115593e-01    max 2.252093e-01
timer:       Orthonormalize     0.08s     0.08s

Iteration 8 at time 63.7s

timer:        Boys localize     1.08s     1.08s
timer:       Make densities     0.09s     0.09s
delta rho 1.058663e-03 1.058663e-03 residuals 3.201787e-04 2.252093e-01
timer:              Coulomb     0.60s     0.60s
timer:        DFT potential     0.06s     0.06s
timer:                V*psi     0.27s     0.27s
timer:        Truncate Vpsi     0.21s     0.21s
timer:            PE matrix     0.04s     0.04s
timer:            KE matrix     0.49s     0.49s

              kinetic     524.97077385
   nuclear attraction   -1253.11453511
              coulomb     231.43941262
 exchange-correlation     -29.24067117
    nuclear-repulsion       0.00000000
                total    -525.94501981

entering apply
timer:            Apply BSH     3.12s     3.12s
timer:     Truncate new psi     0.28s     0.28s
residuals [9.110355e-05, 9.274647e-05, 8.147910e-05, 8.713895e-05, 7.502768e-05, 3.103115e-04, 3.076594e-04, 3.083018e-04, 3.084708e-04]
BSH residual: rms 2.154878e-04    max 3.103115e-04
Subspace solution [*] -6.4259e-02  1.4550e-01  5.0110e-02  3.0938e-01  5.5927e-01

timer:   Subspace transform     0.17s     0.17s
Norm of vector changes alpha: rms 1.085329e-01    max 2.356429e-01
timer:       Orthonormalize     0.09s     0.09s

Iteration 9 at time 70.7s

timer:        Boys localize     1.05s     1.05s
timer:       Make densities     0.09s     0.09s
delta rho 1.307942e-03 1.307942e-03 residuals 3.103115e-04 2.356429e-01
timer:              Coulomb     0.60s     0.60s
timer:        DFT potential     0.06s     0.06s
timer:                V*psi     0.24s     0.24s
timer:        Truncate Vpsi     0.20s     0.20s
timer:            PE matrix     0.04s     0.04s
timer:            KE matrix     0.65s     0.65s

              kinetic     524.95986245
   nuclear attraction   -1253.10989800
              coulomb     231.44607430
 exchange-correlation     -29.24107907
    nuclear-repulsion       0.00000000
                total    -525.94504033

entering apply
timer:            Apply BSH     4.24s     4.24s
timer:     Truncate new psi     0.27s     0.27s
residuals [8.632627e-05, 7.401309e-05, 5.517100e-05, 5.257880e-05, 5.230186e-05, 2.165999e-04, 2.143120e-04, 2.144337e-04, 2.142210e-04]
BSH residual: rms 1.513611e-04    max 2.165999e-04
Subspace solution [*]  8.0500e-04 -6.6092e-03  1.6552e-01 -9.3687e-01  1.7772e+00

timer:   Subspace transform     0.15s     0.15s
Norm of vector changes alpha: rms 6.323637e-02    max 1.198490e-01
timer:       Orthonormalize     0.08s     0.08s

Iteration 10 at time 78.8s

timer:        Boys localize     0.97s     0.97s
timer:       Make densities     0.08s     0.08s
timer:       Load balancing     0.00s     0.00s
delta rho 1.202769e-03 1.202769e-03 residuals 2.165999e-04 1.198490e-01
timer:              Coulomb     0.64s     0.64s
timer:        DFT potential     0.08s     0.08s
timer:                V*psi     0.37s     0.37s
timer:        Truncate Vpsi     0.26s     0.26s
timer:            PE matrix     0.04s     0.04s
timer:            KE matrix     0.55s     0.55s

              kinetic     524.95244280
   nuclear attraction   -1253.10403226
              coulomb     231.44774921
 exchange-correlation     -29.24117655
    nuclear-repulsion       0.00000000
                total    -525.94501681

entering apply
timer:            Apply BSH     3.55s     3.55s
timer:     Truncate new psi     0.29s     0.29s
residuals [8.985720e-05, 5.681035e-05, 3.283069e-05, 3.034244e-05, 3.475784e-05, 1.890985e-04, 1.880161e-04, 1.883502e-04, 1.881547e-04]
BSH residual: rms 1.318647e-04    max 1.890985e-04
Subspace solution [*] -1.8917e-01  3.8778e-02 -1.1342e-01  1.2754e-01  1.1363e+00

timer:   Subspace transform     0.15s     0.15s
Norm of vector changes alpha: rms 4.890670e-02    max 9.961019e-02
timer:       Orthonormalize     0.09s     0.09s

Iteration 11 at time 86.4s

timer:        Boys localize     1.11s     1.11s
timer:       Make densities     0.07s     0.07s
delta rho 5.486885e-04 5.486885e-04 residuals 1.890985e-04 9.961019e-02
timer:              Coulomb     0.47s     0.47s
timer:        DFT potential     0.07s     0.07s
timer:                V*psi     0.27s     0.27s
timer:        Truncate Vpsi     0.23s     0.23s
timer:            PE matrix     0.04s     0.04s
timer:            KE matrix     0.60s     0.60s

              kinetic     524.95978680
   nuclear attraction   -1253.11781375
              coulomb     231.45474577
 exchange-correlation     -29.24174788
    nuclear-repulsion       0.00000000
                total    -525.94502906

entering apply
timer:            Apply BSH     3.20s     3.20s
timer:     Truncate new psi     0.26s     0.26s
residuals [8.886879e-05, 5.607913e-05, 3.134071e-05, 2.443235e-05, 3.053617e-05, 1.237880e-04, 1.243548e-04, 1.240747e-04, 1.234740e-04]
BSH residual: rms 9.127622e-05    max 1.243548e-04
Subspace solution [*] -5.6680e-02 -1.7821e-02 -4.1063e-01 -1.8404e-01  1.6692e+00

timer:   Subspace transform     0.16s     0.16s
Norm of vector changes alpha: rms 3.995658e-02    max 8.743614e-02
timer:       Orthonormalize     0.09s     0.09s

Iteration 12 at time 93.4s

warning: boys localization did not fully converge:  307
timer:        Boys localize     1.19s     1.19s
timer:       Make densities     0.10s     0.10s
delta rho 3.830007e-04 3.830007e-04 residuals 1.243548e-04 8.743614e-02
timer:              Coulomb     0.85s     0.85s
timer:        DFT potential     0.07s     0.07s
timer:                V*psi     0.28s     0.28s
timer:        Truncate Vpsi     0.22s     0.22s
timer:            PE matrix     0.04s     0.04s
timer:            KE matrix     0.61s     0.61s

              kinetic     524.96099513
   nuclear attraction   -1253.11953457
              coulomb     231.45532432
 exchange-correlation     -29.24181282
    nuclear-repulsion       0.00000000
                total    -525.94502793

entering apply
timer:            Apply BSH     3.53s     3.53s
timer:     Truncate new psi     0.24s     0.24s
residuals [8.857876e-05, 5.866953e-05, 2.997621e-05, 3.308251e-05, 3.324918e-05, 1.054415e-04, 1.050381e-04, 1.053976e-04, 1.052824e-04]
BSH residual: rms 8.078144e-05    max 1.054415e-04
Subspace solution [*]  3.6716e-01 -2.5978e-01 -1.3342e-01  1.7594e-01  8.5010e-01

timer:   Subspace transform     0.14s     0.14s
Norm of vector changes alpha: rms 3.669124e-02    max 7.522897e-02
timer:       Orthonormalize     0.08s     0.08s

Iteration 13 at time 101.2s

warning: boys localization did not fully converge:  304
timer:        Boys localize     1.20s     1.20s
timer:       Make densities     0.09s     0.09s
delta rho 5.946856e-04 5.946856e-04 residuals 1.054415e-04 7.522897e-02
timer:              Coulomb     0.61s     0.61s
timer:        DFT potential     0.07s     0.07s
timer:                V*psi     0.32s     0.32s
timer:        Truncate Vpsi     0.23s     0.23s
timer:            PE matrix     0.04s     0.04s
timer:            KE matrix     0.62s     0.62s

              kinetic     524.96444464
   nuclear attraction   -1253.12247562
              coulomb     231.45479786
 exchange-correlation     -29.24177907
    nuclear-repulsion       0.00000000
                total    -525.94501218

entering apply
timer:            Apply BSH     3.50s     3.50s
timer:     Truncate new psi     0.24s     0.24s
residuals [9.014187e-05, 5.414385e-05, 2.302532e-05, 2.540186e-05, 2.628641e-05, 1.195702e-04, 1.194624e-04, 1.196561e-04, 1.194724e-04]
BSH residual: rms 8.824402e-05    max 1.196561e-04
Subspace solution [*]  5.2600e-01 -9.0328e-01  1.5903e+00  8.2833e-01 -1.0413e+00

timer:   Subspace transform     0.15s     0.15s
  restricting step for alpha orbitals: 2 3 4
Norm of vector changes alpha: rms 2.633045e-01    max 5.342389e-01
timer:       Orthonormalize     0.07s     0.07s

Iteration 14 at time 108.7s

timer:        Boys localize     1.24s     1.24s
timer:       Make densities     0.08s     0.08s
delta rho 6.096235e-04 6.096235e-04 residuals 1.196561e-04 5.342389e-01
timer:              Coulomb     0.49s     0.49s
timer:        DFT potential     0.06s     0.06s
timer:                V*psi     0.28s     0.28s
timer:        Truncate Vpsi     0.25s     0.25s
timer:            PE matrix     0.04s     0.04s
timer:            KE matrix     0.59s     0.59s

              kinetic     524.95900841
   nuclear attraction   -1253.11491615
              coulomb     231.45247716
 exchange-correlation     -29.24157826
    nuclear-repulsion       0.00000000
                total    -525.94500884

entering apply
timer:            Apply BSH     3.51s     3.51s
timer:     Truncate new psi     0.30s     0.30s
residuals [9.052403e-05, 5.519419e-05, 1.173067e-04, 9.033024e-05, 8.856208e-05, 1.502427e-04, 1.498911e-04, 1.503660e-04, 1.503008e-04]
BSH residual: rms 1.207592e-04    max 1.503660e-04
Subspace solution [*]  5.4609e-02 -4.4138e-01  7.4680e-01  4.6291e-01  1.7706e-01

timer:   Subspace transform     0.17s     0.17s
  restricting step for alpha orbitals: 2 3 4
Norm of vector changes alpha: rms 3.401764e-01    max 7.229973e-01
timer:       Orthonormalize     0.08s     0.08s

Iteration 15 at time 116.3s

warning: boys localization did not fully converge:  309
timer:        Boys localize     1.12s     1.12s
timer:       Make densities     0.08s     0.08s
delta rho 5.818632e-03 5.818632e-03 residuals 1.503660e-04 7.229973e-01
timer:              Coulomb     0.75s     0.75s
timer:        DFT potential     0.07s     0.07s
timer:                V*psi     0.36s     0.36s
timer:        Truncate Vpsi     0.24s     0.24s
timer:            PE matrix     0.05s     0.05s
timer:            KE matrix     0.75s     0.75s

              kinetic     524.96236243
   nuclear attraction   -1253.12051846
              coulomb     231.45491374
 exchange-correlation     -29.24177105
    nuclear-repulsion       0.00000000
                total    -525.94501334

entering apply
timer:            Apply BSH     3.44s     3.44s
timer:     Truncate new psi     0.24s     0.24s
residuals [8.992672e-05, 6.221114e-05, 1.069069e-03, 1.850052e-04, 1.077413e-03, 1.297261e-04, 1.194586e-04, 1.120776e-04, 1.228537e-04]
BSH residual: rms 5.173292e-04    max 1.077413e-03
Subspace solution [*]  8.3699e-01 -1.2033e-01  2.8083e-01 -1.2551e-02  1.5065e-02

timer:   Subspace transform     0.15s     0.15s
Norm of vector changes alpha: rms 9.365576e-02    max 1.966123e-01
timer:       Orthonormalize     0.07s     0.07s

Iteration 16 at time 124.1s

timer:        Boys localize     1.13s     1.13s
timer:       Make densities     0.08s     0.08s
delta rho 5.356627e-03 5.356627e-03 residuals 1.077413e-03 1.966123e-01
timer:              Coulomb     0.49s     0.49s
timer:        DFT potential     0.06s     0.06s
timer:                V*psi     0.28s     0.28s
timer:        Truncate Vpsi     0.24s     0.24s
timer:            PE matrix     0.04s     0.04s
timer:            KE matrix     0.61s     0.61s

              kinetic     524.96101691
   nuclear attraction   -1253.11742855
              coulomb     231.45303620
 exchange-correlation     -29.24163850
    nuclear-repulsion       0.00000000
                total    -525.94501395

entering apply
timer:            Apply BSH     3.50s     3.50s
timer:     Truncate new psi     0.27s     0.27s
residuals [9.001840e-05, 5.438882e-05, 1.499149e-05, 1.664026e-05, 1.695125e-05, 9.660742e-05, 9.633735e-05, 9.631489e-05, 9.632440e-05]
BSH residual: rms 7.380099e-05    max 9.660742e-05
Subspace solution [*]  2.2695e-01  1.7905e-01  7.9309e-02  5.0038e-03  5.0969e-01

timer:   Subspace transform     0.16s     0.16s
Norm of vector changes alpha: rms 9.907641e-02    max 1.942812e-01
timer:       Orthonormalize     0.08s     0.08s

Iteration 17 at time 131.5s

timer:        Boys localize     1.15s     1.15s
timer:       Make densities     0.07s     0.07s
delta rho 6.269232e-05 6.269232e-05 residuals 9.660742e-05 1.942812e-01
timer:              Coulomb     0.52s     0.52s
timer:        DFT potential     0.07s     0.07s
timer:                V*psi     0.27s     0.27s
timer:        Truncate Vpsi     0.22s     0.22s
timer:            PE matrix     0.04s     0.04s
timer:            KE matrix     0.59s     0.59s

              kinetic     524.96246645
   nuclear attraction   -1253.12005466
              coulomb     231.45431161
 exchange-correlation     -29.24173681
    nuclear-repulsion       0.00000000
                total    -525.94501341


Converged!

 
alpha eigenvalues
[*] -1.1380e+02 -1.0794e+01 -8.4437e+00 -8.4437e+00 -8.4437e+00 -8.8314e-01 -3.8234e-01 -3.8234e-01 -3.8233e-01

Orbitals are localized - energies are diagonal Fock matrix elements

Analysis of alpha MO vectors
  MO   0 : occ=1.00 : energy=-113.775386 : center=(-0.00,-0.00,0.00) : radius=0.10
           Ar(0)   s( 0) 0.989  
  MO   1 : occ=1.00 : energy= -10.812039 : center=(0.00,0.00,-0.00) : radius=0.45
           Ar(0)   s( 1)-1.058    Ar(0)   s( 0) 0.398  
  MO   2 : occ=1.00 : energy=  -8.443487 : center=(-0.00,0.00,-0.00) : radius=0.42
           Ar(0)  px( 2)-0.873    Ar(0)  py( 3) 0.464  
  MO   3 : occ=1.00 : energy=  -8.443486 : center=(-0.00,-0.00,0.00) : radius=0.42
           Ar(0)  pz( 4) 0.885    Ar(0)  py( 3)-0.370    Ar(0)  px( 2)-0.244  
  MO   4 : occ=1.00 : energy=  -8.443487 : center=(-0.00,-0.00,-0.00) : radius=0.42
           Ar(0)  py( 3) 0.792    Ar(0)  pz( 4) 0.440    Ar(0)  px( 2) 0.398  
  MO   5 : occ=1.00 : energy=  -0.509350 : center=(0.64,0.35,-0.12) : radius=1.60
           Ar(0)  px( 6) 0.764    Ar(0)   s( 5) 0.511    Ar(0)  py( 7) 0.419  
  MO   6 : occ=1.00 : energy=  -0.509837 : center=(-0.06,-0.57,-0.48) : radius=1.60
           Ar(0)  py( 7)-0.675    Ar(0)  pz( 8)-0.563    Ar(0)   s( 5) 0.512  
  MO   7 : occ=1.00 : energy=  -0.509346 : center=(-0.02,-0.26,0.70) : radius=1.60
           Ar(0)  pz( 8)-0.828    Ar(0)   s( 5)-0.511    Ar(0)  py( 7) 0.304    Ar(0)  pz( 4) 0.229  
  MO   8 : occ=1.00 : energy=  -0.509826 : center=(-0.57,0.47,-0.11) : radius=1.60
           Ar(0)  px( 6)-0.670    Ar(0)  py( 7) 0.560    Ar(0)   s( 5) 0.512  

Solving with thresh 1.000000e-06     k 8    conv 1.000000e-04 

timer:     Project vnuclear     1.46s     1.46s
timer:     project ao basis     1.21s     1.21s

Iteration 0 at time 139.2s

timer:        Boys localize     2.39s     2.39s
timer:       Make densities     0.12s     0.12s
timer:       Load balancing     0.00s     0.00s
timer:              Coulomb     2.57s     2.57s
timer:        DFT potential     0.17s     0.17s
timer:                V*psi     0.99s     0.99s
timer:        Truncate Vpsi     0.55s     0.55s
timer:            PE matrix     0.08s     0.08s
timer:            KE matrix     1.13s     1.13s

              kinetic     524.96269160
   nuclear attraction   -1253.12005787
              coulomb     231.45424715
 exchange-correlation     -29.24173714
    nuclear-repulsion       0.00000000
                total    -525.94485625

entering apply
timer:            Apply BSH    25.30s    25.29s
timer:     Truncate new psi     0.91s     0.91s
residuals [1.818286e-04, 1.807699e-04, 2.037808e-04, 2.037126e-04, 2.036710e-04, 2.421650e-04, 2.417035e-04, 2.418107e-04, 2.417970e-04]
BSH residual: rms 2.171148e-04    max 2.421650e-04
Subspace solution [*]  1.0000e+00

timer:   Subspace transform     0.06s     0.06s
Norm of vector changes alpha: rms 2.171148e-04    max 2.421650e-04
timer:       Orthonormalize     0.19s     0.19s

Iteration 1 at time 174.3s

warning: boys localization did not fully converge:  303
timer:        Boys localize     3.20s     3.20s
timer:       Make densities     0.26s     0.26s
timer:       Load balancing     0.00s     0.00s
delta rho 4.696606e-04 4.696606e-04 residuals 2.421650e-04 2.421650e-04
timer:              Coulomb     4.28s     4.28s
timer:        DFT potential     0.53s     0.53s
timer:                V*psi     0.63s     0.63s
timer:        Truncate Vpsi     0.48s     0.48s
timer:            PE matrix     0.13s     0.13s
timer:            KE matrix     2.09s     2.09s

              kinetic     524.96486910
   nuclear attraction   -1253.12554412
              coulomb     231.45657530
 exchange-correlation     -29.24198566
    nuclear-repulsion       0.00000000
                total    -525.94608537

entering apply
timer:            Apply BSH    26.01s    26.00s
timer:     Truncate new psi     0.85s     0.85s
residuals [3.042957e-05, 3.105032e-05, 1.095527e-05, 1.109919e-05, 1.122635e-05, 1.022856e-04, 1.021324e-04, 1.021120e-04, 1.021857e-04]
BSH residual: rms 6.993764e-05    max 1.022856e-04
Subspace solution [*] -1.4165e-01  1.1416e+00

timer:   Subspace transform     0.11s     0.11s
Norm of vector changes alpha: rms 8.236257e-03    max 1.745474e-02
timer:       Orthonormalize     0.17s     0.17s

Iteration 2 at time 214.1s

warning: boys localization did not fully converge:  319
timer:        Boys localize     1.84s     1.84s
timer:       Make densities     0.14s     0.14s
delta rho 1.325336e-04 1.325336e-04 residuals 1.022856e-04 1.745474e-02
timer:              Coulomb     2.20s     2.20s
timer:        DFT potential     0.30s     0.30s
timer:                V*psi     0.69s     0.69s
timer:        Truncate Vpsi     0.47s     0.47s
timer:            PE matrix     0.08s     0.08s
timer:            KE matrix     1.24s     1.24s

              kinetic     524.96947263
   nuclear attraction   -1253.13278667
              coulomb     231.45945664
 exchange-correlation     -29.24223203
    nuclear-repulsion       0.00000000
                total    -525.94608944

entering apply
timer:            Apply BSH    26.90s    26.90s
timer:     Truncate new psi     0.92s     0.92s
residuals [2.796787e-05, 1.026688e-05, 3.884546e-06, 4.292512e-06, 4.455487e-06, 6.082974e-05, 6.066853e-05, 6.068455e-05, 6.070727e-05]
BSH residual: rms 4.175310e-05    max 6.082974e-05
Subspace solution [*] -3.2710e-01 -2.3711e-01  1.5642e+00

timer:   Subspace transform     0.19s     0.19s
  restricting step for alpha orbitals: 2 3 4
Norm of vector changes alpha: rms 2.509101e-01    max 5.199767e-01
timer:       Orthonormalize     0.21s     0.21s

Iteration 3 at time 250.1s

warning: boys localization did not fully converge:  305
timer:        Boys localize     2.10s     2.10s
timer:       Make densities     0.19s     0.19s
delta rho 1.029619e-02 1.029619e-02 residuals 6.082974e-05 5.199767e-01
timer:              Coulomb     3.46s     3.46s
timer:        DFT potential     0.50s     0.50s
timer:                V*psi     1.00s     1.00s
timer:        Truncate Vpsi     0.64s     0.64s
timer:            PE matrix     0.10s     0.10s
timer:            KE matrix     1.76s     1.76s

              kinetic     524.97040501
   nuclear attraction   -1253.13219516
              coulomb     231.45787307
 exchange-correlation     -29.24215247
    nuclear-repulsion       0.00000000
                total    -525.94606955

entering apply
timer:            Apply BSH    29.86s    29.86s
timer:     Truncate new psi     1.09s     1.09s
residuals [3.447875e-05, 5.435236e-05, 1.399261e-03, 2.007976e-03, 1.546909e-03, 9.192795e-05, 9.062372e-05, 1.429491e-04, 1.001664e-04]
BSH residual: rms 9.680506e-04    max 2.007976e-03
Subspace solution [*] -2.2096e-01  2.3632e-02  1.1971e+00  2.7035e-04

timer:   Subspace transform     0.25s     0.25s
  restricting step for alpha orbitals: 2
Norm of vector changes alpha: rms 1.296441e-01    max 2.882250e-01
timer:       Orthonormalize     0.20s     0.20s

Iteration 4 at time 292.3s

warning: boys localization did not fully converge:  305
timer:        Boys localize     2.08s     2.08s
timer:       Make densities     0.20s     0.20s
delta rho 9.661107e-03 9.661107e-03 residuals 2.007976e-03 2.882250e-01
timer:              Coulomb     3.48s     3.48s
timer:        DFT potential     0.57s     0.57s
timer:                V*psi     0.99s     0.99s
timer:        Truncate Vpsi     0.60s     0.60s
timer:            PE matrix     0.10s     0.10s
timer:            KE matrix     1.71s     1.71s

              kinetic     524.96977089
   nuclear attraction   -1253.13172970
              coulomb     231.45801669
 exchange-correlation     -29.24214441
    nuclear-repulsion       0.00000000
                total    -525.94608654

entering apply
timer:            Apply BSH    30.42s    30.41s
timer:     Truncate new psi     0.99s     0.99s
residuals [2.679370e-05, 9.377047e-06, 9.344554e-05, 1.445999e-04, 1.715974e-04, 2.528030e-05, 2.326274e-05, 2.631733e-05, 2.313183e-05]
BSH residual: rms 8.320031e-05    max 1.715974e-04
Subspace solution [*]  5.3402e-02  1.4730e-01  8.1498e-01  2.0311e-03 -1.7712e-02

timer:   Subspace transform     0.30s     0.30s
  restricting step for alpha orbitals: 2 3 4
Norm of vector changes alpha: rms 2.412351e-01    max 5.006161e-01
timer:       Orthonormalize     0.19s     0.19s

Iteration 5 at time 335.1s

warning: boys localization did not fully converge:  307
timer:        Boys localize     1.92s     1.92s
timer:       Make densities     0.18s     0.18s
delta rho 3.274357e-03 3.274357e-03 residuals 1.715974e-04 5.006161e-01
timer:              Coulomb     3.27s     3.27s
timer:        DFT potential     0.47s     0.47s
timer:                V*psi     0.76s     0.76s
timer:        Truncate Vpsi     0.53s     0.53s
timer:            PE matrix     0.09s     0.09s
timer:            KE matrix     1.64s     1.64s

              kinetic     524.96863149
   nuclear attraction   -1253.13047092
              coulomb     231.45787328
 exchange-correlation     -29.24212051
    nuclear-repulsion       0.00000000
                total    -525.94608665

entering apply
timer:            Apply BSH    30.63s    30.62s
timer:     Truncate new psi     0.99s     0.99s
residuals [2.198876e-05, 1.598539e-05, 3.976656e-04, 4.877883e-04, 4.345354e-04, 3.614553e-05, 3.674926e-05, 3.659257e-05, 4.447287e-05]
BSH residual: rms 2.563871e-04    max 4.877883e-04
Subspace solution [*]  4.5766e-01  5.3471e-01  2.9002e-03 -6.4953e-03  1.1221e-02

timer:   Subspace transform     0.30s     0.30s
  restricting step for alpha orbitals: 2 3 4
Norm of vector changes alpha: rms 2.397424e-01    max 4.987834e-01
timer:       Orthonormalize     0.18s     0.18s

Iteration 6 at time 377.2s

warning: boys localization did not fully converge:  313
timer:        Boys localize     1.80s     1.80s
timer:       Make densities     0.16s     0.16s
delta rho 1.962516e-03 1.962516e-03 residuals 4.877883e-04 4.987834e-01
timer:              Coulomb     3.42s     3.42s
timer:        DFT potential     0.39s     0.39s
timer:                V*psi     0.77s     0.77s
timer:        Truncate Vpsi     0.52s     0.52s
timer:            PE matrix     0.09s     0.09s
timer:            KE matrix     1.37s     1.37s

              kinetic     524.96884453
   nuclear attraction   -1253.13113553
              coulomb     231.45835926
 exchange-correlation     -29.24215476
    nuclear-repulsion       0.00000000
                total    -525.94608651

entering apply
timer:            Apply BSH    28.29s    28.29s
timer:     Truncate new psi     0.97s     0.97s
residuals [1.457384e-05, 2.254852e-05, 5.100376e-04, 8.175770e-04, 6.890024e-04, 4.184509e-05, 3.091202e-05, 5.109442e-05, 4.632266e-05]
BSH residual: rms 3.960189e-04    max 8.175770e-04
Subspace solution [*]  1.0072e+00  1.3314e-03 -1.1479e-02  6.0051e-03 -3.1066e-03

timer:   Subspace transform     0.28s     0.28s
Norm of vector changes alpha: rms 2.934658e-02    max 5.992112e-02
timer:       Orthonormalize     0.17s     0.17s

Iteration 7 at time 416.5s

warning: boys localization did not fully converge:  307
timer:        Boys localize     2.03s     2.03s
timer:       Make densities     0.20s     0.20s
delta rho 4.214021e-03 4.214021e-03 residuals 8.175770e-04 5.992112e-02
timer:              Coulomb     3.72s     3.72s
timer:        DFT potential     0.55s     0.55s
timer:                V*psi     0.80s     0.80s
timer:        Truncate Vpsi     0.61s     0.61s
timer:            PE matrix     0.13s     0.13s
timer:            KE matrix     2.13s     2.13s

              kinetic     524.96891275
   nuclear attraction   -1253.13063081
              coulomb     231.45774703
 exchange-correlation     -29.24211586
    nuclear-repulsion       0.00000000
                total    -525.94608689

entering apply
timer:            Apply BSH    30.21s    30.21s
timer:     Truncate new psi     0.97s     0.97s
residuals [2.557566e-05, 7.754594e-06, 1.859132e-06, 1.720471e-06, 2.048182e-06, 3.441193e-05, 3.417887e-05, 3.417185e-05, 3.433448e-05]
BSH residual: rms 2.454884e-05    max 3.441193e-05
Subspace solution [*]  1.5456e-03 -1.2554e-02  9.3776e-03 -2.9788e-03  1.0046e+00

timer:   Subspace transform     0.30s     0.30s
Norm of vector changes alpha: rms 1.126949e-03    max 2.343059e-03
timer:       Orthonormalize     0.16s     0.16s

Iteration 8 at time 459.4s

warning: boys localization did not fully converge:  309
timer:        Boys localize     2.02s     2.02s
timer:       Make densities     0.19s     0.19s
delta rho 2.903082e-05 2.903082e-05 residuals 3.441193e-05 2.343059e-03
timer:              Coulomb     3.47s     3.47s
timer:        DFT potential     0.39s     0.39s
timer:                V*psi     0.95s     0.95s
timer:        Truncate Vpsi     0.60s     0.60s
timer:            PE matrix     0.09s     0.09s
timer:            KE matrix     1.63s     1.63s

              kinetic     524.96950240
   nuclear attraction   -1253.13183398
              coulomb     231.45840741
 exchange-correlation     -29.24216525
    nuclear-repulsion       0.00000000
                total    -525.94608942


Converged!

 
alpha eigenvalues
[*] -1.1380e+02 -1.0794e+01 -8.4434e+00 -8.4434e+00 -8.4434e+00 -8.8337e-01 -3.8232e-01 -3.8232e-01 -3.8232e-01

Orbitals are localized - energies are diagonal Fock matrix elements

Analysis of alpha MO vectors
  MO   0 : occ=1.00 : energy=-113.775004 : center=(-0.00,-0.00,0.00) : radius=0.10
           Ar(0)   s( 0) 0.989  
  MO   1 : occ=1.00 : energy= -10.811732 : center=(0.00,0.00,-0.00) : radius=0.45
           Ar(0)   s( 1)-1.058    Ar(0)   s( 0) 0.398  
  MO   2 : occ=1.00 : energy=  -8.443171 : center=(-0.00,0.00,0.00) : radius=0.42
           Ar(0)  py( 3) 0.672    Ar(0)  pz( 4) 0.615    Ar(0)  px( 2)-0.386  
  MO   3 : occ=1.00 : energy=  -8.443169 : center=(-0.00,-0.00,0.00) : radius=0.42
           Ar(0)  py( 3)-0.703    Ar(0)  pz( 4) 0.683  
  MO   4 : occ=1.00 : energy=  -8.443167 : center=(-0.00,-0.00,-0.00) : radius=0.42
           Ar(0)  px( 2) 0.901    Ar(0)  pz( 4) 0.366  
  MO   5 : occ=1.00 : energy=  -0.509552 : center=(0.65,0.27,0.24) : radius=1.60
           Ar(0)  px( 6) 0.773    Ar(0)   s( 5) 0.511    Ar(0)  py( 7) 0.315    Ar(0)  pz( 8) 0.288    Ar(0)  px( 2)-0.214  
  MO   6 : occ=1.00 : energy=  -0.509546 : center=(0.12,-0.48,-0.56) : radius=1.60
           Ar(0)  pz( 8)-0.662    Ar(0)  py( 7)-0.566    Ar(0)   s( 5) 0.511  
  MO   7 : occ=1.00 : energy=  -0.509846 : center=(-0.35,-0.35,0.56) : radius=1.60
           Ar(0)  pz( 8)-0.660    Ar(0)   s( 5)-0.512    Ar(0)  py( 7) 0.416    Ar(0)  px( 6) 0.412  
  MO   8 : occ=1.00 : energy=  -0.509619 : center=(-0.42,0.56,-0.24) : radius=1.60
           Ar(0)  py( 7) 0.668    Ar(0)   s( 5) 0.511    Ar(0)  px( 6)-0.501    Ar(0)  pz( 8)-0.286  
timer:             plotting     0.00s     0.00s

    Parallel environment
    --------------------
                  #nodes    1
       #threads per node    2+main = 3
          #total threads    3

  RMI message statistics (min / avg / max)
  ----------------------
 #messages sent per node    0.00e+00 / 0.00e+00 / 0.00e+00
    #bytes sent per node    0.00e+00 / 0.00e+00 / 0.00e+00
 #messages recv per node    0.00e+00 / 0.00e+00 / 0.00e+00
    #bytes recv per node    0.00e+00 / 0.00e+00 / 0.00e+00
        #msgs systemwide    0.00e+00
       #bytes systemwide    0.00e+00

  Thread pool statistics (min / avg / max)
  ----------------------
         #tasks per node    4.45e+07 / 4.45e+07 / 4.45e+07
     #max q len per node    5.08e+04 / 5.08e+04 / 5.08e+04
  #hi-pri tasks per node    1.89e+07 / 1.89e+07 / 1.89e+07

         Total wall time    472.3s
         Total  cpu time    472.3s

